1545984450462	geckodriver	INFO	geckodriver 0.21.0
1545984450473	geckodriver	INFO	Listening on 127.0.0.1:55557
1545984451477	mozrunner::runner	INFO	Running command: "/Applications/Firefox.app/Contents/MacOS/firefox-bin" "-marionette" "-foreground" "-no-remote" "-profile" "/var/folders/3b/mn0xzf5x7yj63wrj2vwlv2yh0000gn/T/rust_mozprofile.PObXCXlSNFXU"
1545984452341	addons.webextension.screenshots@mozilla.org	WARN	Loading extension 'screenshots@mozilla.org': Reading manifest: Invalid host permission: resource://pdf.js/
1545984452341	addons.webextension.screenshots@mozilla.org	WARN	Loading extension 'screenshots@mozilla.org': Reading manifest: Invalid host permission: about:reader*
1545984452742	Marionette	DEBUG	Received observer notification profile-after-change
1545984452920	Marionette	DEBUG	Received observer notification command-line-startup
1545984452920	Marionette	DEBUG	Received observer notification nsPref:changed
1545984452920	Marionette	DEBUG	Init aborted (running=false, enabled=true, finalUIStartup=false)
1545984453070	Marionette	DEBUG	Received observer notification toplevel-window-ready
Can't find symbol 'GetGraphicsResetStatus'.
1545984454233	Marionette	DEBUG	Received observer notification sessionstore-windows-restored
1545984454233	Marionette	DEBUG	Waiting for delayed startup...
1545984454396	Marionette	DEBUG	Setting recommended pref app.update.disabledForTesting to true
1545984454397	Marionette	DEBUG	Setting recommended pref security.turn_off_all_security_so_that_viruses_can_take_over_this_computer to true
1545984454397	Marionette	DEBUG	Setting recommended pref apz.content_response_timeout to 60000
1545984454397	Marionette	DEBUG	Setting recommended pref browser.contentblocking.introCount to 99
1545984454397	Marionette	DEBUG	Setting recommended pref browser.download.panel.shown to true
1545984454397	Marionette	DEBUG	Setting recommended pref browser.newtabpage.enabled to false
1545984454397	Marionette	DEBUG	Setting recommended pref browser.pagethumbnails.capturing_disabled to true
1545984454398	Marionette	DEBUG	Setting recommended pref browser.search.update to false
1545984454398	Marionette	DEBUG	Setting recommended pref browser.tabs.disableBackgroundZombification to false
1545984454398	Marionette	DEBUG	Setting recommended pref browser.tabs.warnOnCloseOtherTabs to false
1545984454398	Marionette	DEBUG	Setting recommended pref browser.tabs.warnOnOpen to false
1545984454398	Marionette	DEBUG	Setting recommended pref browser.usedOnWindows10.introURL to 
1545984454399	Marionette	DEBUG	Setting recommended pref browser.urlbar.suggest.searches to false
1545984454399	Marionette	DEBUG	Setting recommended pref datareporting.policy.dataSubmissionPolicyAccepted to false
1545984454399	Marionette	DEBUG	Setting recommended pref dom.disable_beforeunload to true
1545984454399	Marionette	DEBUG	Setting recommended pref dom.disable_open_during_load to false
1545984454399	Marionette	DEBUG	Setting recommended pref dom.file.createInChild to true
1545984454399	Marionette	DEBUG	Setting recommended pref dom.max_chrome_script_run_time to 0
1545984454400	Marionette	DEBUG	Setting recommended pref dom.max_script_run_time to 0
1545984454400	Marionette	DEBUG	Setting recommended pref extensions.getAddons.cache.enabled to false
1545984454400	Marionette	DEBUG	Setting recommended pref extensions.webservice.discoverURL to http://%(server)s/dummy/discoveryURL
1545984454400	Marionette	DEBUG	Setting recommended pref network.http.prompt-temp-redirect to false
1545984454400	Marionette	DEBUG	Setting recommended pref network.http.speculative-parallel-limit to 0
1545984454400	Marionette	DEBUG	Setting recommended pref security.fileuri.strict_origin_policy to false
1545984454400	Marionette	DEBUG	Setting recommended pref security.notification_enable_delay to 0
1545984454400	Marionette	DEBUG	Setting recommended pref signon.autofillForms to false
1545984454400	Marionette	DEBUG	Setting recommended pref signon.rememberSignons to false
1545984454401	Marionette	DEBUG	Setting recommended pref toolkit.cosmeticAnimations.enabled to false
1545984454439	Marionette	INFO	Listening on port 55569
1545984454439	Marionette	DEBUG	Remote service is active
1545984454461	Marionette	DEBUG	Accepted connection 0 from 127.0.0.1:55614
1545984454467	Marionette	TRACE	0 -> [0,1,"WebDriver:NewSession",{"acceptInsecureCerts":true,"browserName":"firefox","capabilities":{"desiredCapabilities":{"acceptInsecureCerts":true,"browserName":"firefox"}}}]
1545984454467	Marionette	WARN	TLS certificate errors will be ignored for this session
1545984454527	Marionette	DEBUG	[4294967297] Frame script loaded
1545984454535	Marionette	DEBUG	[4294967297] Frame script registered
1545984454539	Marionette	TRACE	0 <- [1,1,null,{"sessionId":"8b03ed68-951d-e24d-b8eb-a1cc559aebc9","capabilities":{"browserName":"firefox","browserVersion":"64.0" ... alse,"moz:webdriverClick":true,"capabilities":{"desiredCapabilities":{"acceptInsecureCerts":true,"browserName":"firefox"}}}}]
1545984454558	Marionette	TRACE	0 -> [0,2,"WebDriver:Navigate",{"url":"https://passport.lagou.com/login/login.html"}]
1545984454590	Marionette	DEBUG	[4294967297] Received DOM event beforeunload for about:blank
1545984454845	Marionette	DEBUG	[4294967297] Received DOM event pagehide for about:blank
1545984455966	Marionette	DEBUG	[4294967297] Received DOM event DOMContentLoaded for https://passport.lagou.com/login/login.html
Can't find symbol 'GetGraphicsResetStatus'.
1545984458324	Marionette	DEBUG	[4294967297] Received DOM event pageshow for https://passport.lagou.com/login/login.html
1545984458326	Marionette	TRACE	0 <- [1,2,null,{"value":null}]
1545984458336	Marionette	TRACE	0 -> [0,3,"WebDriver:FindElement",{"using":"css selector","value":".form_body input[type='text']"}]
1545984458341	Marionette	TRACE	0 <- [1,3,null,{"value":{"element-6066-11e4-a52e-4f735466cecf":"bb296532-e2c0-2345-91af-5cf4c1ec0472"}}]
1545984458347	Marionette	TRACE	0 -> [0,4,"WebDriver:ElementSendKeys",{"id":"bb296532-e2c0-2345-91af-5cf4c1ec0472","text":"18301239320","value":["1","8","3","0","1","2","3","9","3","2","0"]}]
1545984458403	Marionette	TRACE	0 <- [1,4,null,{"value":null}]
1545984458413	Marionette	TRACE	0 -> [0,5,"WebDriver:FindElement",{"using":"css selector","value":".form_body input[type='password']"}]
1545984458416	Marionette	TRACE	0 <- [1,5,null,{"value":{"element-6066-11e4-a52e-4f735466cecf":"4f2b54a3-2662-984d-8f2b-e5a1e2266f1a"}}]
1545984458419	Marionette	TRACE	0 -> [0,6,"WebDriver:ElementSendKeys",{"id":"4f2b54a3-2662-984d-8f2b-e5a1e2266f1a","text":"dianying007","value":["d","i","a","n","y","i","n","g","0","0","7"]}]
1545984458468	Marionette	TRACE	0 <- [1,6,null,{"value":null}]
1545984458474	Marionette	TRACE	0 -> [0,7,"WebDriver:FindElement",{"using":"xpath","value":"//div[@class='form_body']/form/div[5]/input"}]
1545984458479	Marionette	TRACE	0 <- [1,7,null,{"value":{"element-6066-11e4-a52e-4f735466cecf":"ee023549-1239-b348-84a1-e4e9a70448a3"}}]
1545984458483	Marionette	TRACE	0 -> [0,8,"WebDriver:ElementClick",{"id":"ee023549-1239-b348-84a1-e4e9a70448a3"}]
1545984458935	Marionette	DEBUG	[4294967297] Canceled page load listener because no navigation has been detected
1545984458938	Marionette	TRACE	0 <- [1,8,null,{"value":null}]
1545984469009	Marionette	DEBUG	Closed connection 0
1545984761815	geckodriver	INFO	geckodriver 0.21.0
1545984761823	geckodriver	INFO	Listening on 127.0.0.1:56938
1545984762849	mozrunner::runner	INFO	Running command: "/Applications/Firefox.app/Contents/MacOS/firefox-bin" "-marionette" "-foreground" "-no-remote" "-profile" "/var/folders/3b/mn0xzf5x7yj63wrj2vwlv2yh0000gn/T/rust_mozprofile.vPctIJeNCjTq"
1545984763824	addons.webextension.screenshots@mozilla.org	WARN	Loading extension 'screenshots@mozilla.org': Reading manifest: Invalid host permission: resource://pdf.js/
1545984763824	addons.webextension.screenshots@mozilla.org	WARN	Loading extension 'screenshots@mozilla.org': Reading manifest: Invalid host permission: about:reader*
1545984764176	Marionette	DEBUG	Received observer notification profile-after-change
1545984764312	Marionette	DEBUG	Received observer notification command-line-startup
1545984764312	Marionette	DEBUG	Received observer notification nsPref:changed
1545984764312	Marionette	DEBUG	Init aborted (running=false, enabled=true, finalUIStartup=false)
1545984764419	Marionette	DEBUG	Received observer notification toplevel-window-ready
Can't find symbol 'GetGraphicsResetStatus'.
1545984765981	Marionette	DEBUG	Received observer notification sessionstore-windows-restored
1545984765981	Marionette	DEBUG	Waiting for delayed startup...
1545984766063	Marionette	DEBUG	Setting recommended pref app.update.disabledForTesting to true
1545984766064	Marionette	DEBUG	Setting recommended pref security.turn_off_all_security_so_that_viruses_can_take_over_this_computer to true
1545984766064	Marionette	DEBUG	Setting recommended pref apz.content_response_timeout to 60000
1545984766065	Marionette	DEBUG	Setting recommended pref browser.contentblocking.introCount to 99
1545984766065	Marionette	DEBUG	Setting recommended pref browser.download.panel.shown to true
1545984766066	Marionette	DEBUG	Setting recommended pref browser.newtabpage.enabled to false
1545984766066	Marionette	DEBUG	Setting recommended pref browser.pagethumbnails.capturing_disabled to true
1545984766067	Marionette	DEBUG	Setting recommended pref browser.search.update to false
1545984766067	Marionette	DEBUG	Setting recommended pref browser.tabs.disableBackgroundZombification to false
1545984766067	Marionette	DEBUG	Setting recommended pref browser.tabs.warnOnCloseOtherTabs to false
1545984766067	Marionette	DEBUG	Setting recommended pref browser.tabs.warnOnOpen to false
1545984766068	Marionette	DEBUG	Setting recommended pref browser.usedOnWindows10.introURL to 
1545984766068	Marionette	DEBUG	Setting recommended pref browser.urlbar.suggest.searches to false
1545984766068	Marionette	DEBUG	Setting recommended pref datareporting.policy.dataSubmissionPolicyAccepted to false
1545984766068	Marionette	DEBUG	Setting recommended pref dom.disable_beforeunload to true
1545984766068	Marionette	DEBUG	Setting recommended pref dom.disable_open_during_load to false
1545984766068	Marionette	DEBUG	Setting recommended pref dom.file.createInChild to true
1545984766069	Marionette	DEBUG	Setting recommended pref dom.max_chrome_script_run_time to 0
1545984766069	Marionette	DEBUG	Setting recommended pref dom.max_script_run_time to 0
1545984766069	Marionette	DEBUG	Setting recommended pref extensions.getAddons.cache.enabled to false
1545984766069	Marionette	DEBUG	Setting recommended pref extensions.webservice.discoverURL to http://%(server)s/dummy/discoveryURL
1545984766069	Marionette	DEBUG	Setting recommended pref network.http.prompt-temp-redirect to false
1545984766069	Marionette	DEBUG	Setting recommended pref network.http.speculative-parallel-limit to 0
1545984766070	Marionette	DEBUG	Setting recommended pref security.fileuri.strict_origin_policy to false
1545984766070	Marionette	DEBUG	Setting recommended pref security.notification_enable_delay to 0
1545984766070	Marionette	DEBUG	Setting recommended pref signon.autofillForms to false
1545984766070	Marionette	DEBUG	Setting recommended pref signon.rememberSignons to false
1545984766070	Marionette	DEBUG	Setting recommended pref toolkit.cosmeticAnimations.enabled to false
1545984766114	Marionette	INFO	Listening on port 56949
1545984766114	Marionette	DEBUG	Remote service is active
1545984766177	Marionette	DEBUG	Accepted connection 0 from 127.0.0.1:56997
1545984766191	Marionette	TRACE	0 -> [0,1,"WebDriver:NewSession",{"acceptInsecureCerts":true,"browserName":"firefox","capabilities":{"desiredCapabilities":{"acceptInsecureCerts":true,"browserName":"firefox"}}}]
1545984766198	Marionette	WARN	TLS certificate errors will be ignored for this session
1545984766248	Marionette	DEBUG	[4294967297] Frame script loaded
1545984766250	Marionette	DEBUG	[4294967297] Frame script registered
1545984766276	Marionette	TRACE	0 <- [1,1,null,{"sessionId":"413ee101-93be-de4a-bd7b-5697cd01875a","capabilities":{"browserName":"firefox","browserVersion":"64.0" ... alse,"moz:webdriverClick":true,"capabilities":{"desiredCapabilities":{"acceptInsecureCerts":true,"browserName":"firefox"}}}}]
1545984766292	Marionette	TRACE	0 -> [0,2,"WebDriver:Navigate",{"url":"https://passport.lagou.com/login/login.html"}]
1545984766314	Marionette	DEBUG	[4294967297] Received DOM event beforeunload for about:blank
1545984766457	Marionette	DEBUG	[4294967297] Received DOM event pagehide for about:blank
1545984767134	Marionette	DEBUG	[4294967297] Received DOM event DOMContentLoaded for https://passport.lagou.com/login/login.html
Can't find symbol 'GetGraphicsResetStatus'.
1545984769439	Marionette	DEBUG	[4294967297] Received DOM event pageshow for https://passport.lagou.com/login/login.html
1545984769440	Marionette	TRACE	0 <- [1,2,null,{"value":null}]
1545984769447	Marionette	TRACE	0 -> [0,3,"WebDriver:FindElement",{"using":"css selector","value":".form_body input[type='text']"}]
1545984769452	Marionette	TRACE	0 <- [1,3,null,{"value":{"element-6066-11e4-a52e-4f735466cecf":"d9d7a39e-d92e-1845-b643-703665054f36"}}]
1545984769458	Marionette	TRACE	0 -> [0,4,"WebDriver:ElementSendKeys",{"id":"d9d7a39e-d92e-1845-b643-703665054f36","text":"18301239320","value":["1","8","3","0","1","2","3","9","3","2","0"]}]
1545984769496	Marionette	TRACE	0 <- [1,4,null,{"value":null}]
1545984769504	Marionette	TRACE	0 -> [0,5,"WebDriver:FindElement",{"using":"css selector","value":".form_body input[type='password']"}]
1545984769506	Marionette	TRACE	0 <- [1,5,null,{"value":{"element-6066-11e4-a52e-4f735466cecf":"1ed4263c-59d3-fc4f-8eee-c96989fbc3ad"}}]
1545984769511	Marionette	TRACE	0 -> [0,6,"WebDriver:ElementSendKeys",{"id":"1ed4263c-59d3-fc4f-8eee-c96989fbc3ad","text":"dianying007","value":["d","i","a","n","y","i","n","g","0","0","7"]}]
1545984769538	Marionette	TRACE	0 <- [1,6,null,{"value":null}]
1545984769543	Marionette	TRACE	0 -> [0,7,"WebDriver:FindElement",{"using":"xpath","value":"//div[@class='form_body']/form/div[5]/input"}]
1545984769545	Marionette	TRACE	0 <- [1,7,null,{"value":{"element-6066-11e4-a52e-4f735466cecf":"c4b71999-a0df-7049-815b-dfe808cbf679"}}]
1545984769550	Marionette	TRACE	0 -> [0,8,"WebDriver:ElementClick",{"id":"c4b71999-a0df-7049-815b-dfe808cbf679"}]
1545984769994	Marionette	DEBUG	[4294967297] Canceled page load listener because no navigation has been detected
1545984769995	Marionette	TRACE	0 <- [1,8,null,{"value":null}]
1545984780007	Marionette	TRACE	0 -> [0,9,"WebDriver:GetCookies",{}]
1545984780012	Marionette	TRACE	0 <- [1,9,null,[{"name":"JSESSIONID","value":"ABAAABAAAHAAAFDFDF8DFB8CBB1D3523E16E74F883CE7EA","path":"/","domain":"passport.lagou ... 1169},{"name":"TG-TRACK-CODE","value":"undefined","path":"/","domain":"passport.lagou.com","secure":false,"httpOnly":false}]]
1545984781515	Marionette	DEBUG	Closed connection 0
console.error: BroadcastService: 
  receivedBroadcastMessage: handler for
  remote-settings/monitor_changes
  threw error:
  Message: Error: Polling for changes failed: NetworkError when attempting to fetch resource..
  Stack:
    remoteSettingsFunction/remoteSettings.pollChanges@resource://services-settings/remote-settings.js:750:13

console.error: BroadcastService: 
  receivedBroadcastMessage: handler for
  remote-settings/monitor_changes
  threw error:
  Message: Error: Polling for changes failed: NetworkError when attempting to fetch resource..
  Stack:
    remoteSettingsFunction/remoteSettings.pollChanges@resource://services-settings/remote-settings.js:750:13

1545985305361	addons.productaddons	WARN	Failed downloading via XHR, status: 0, reason: error
1545985305361	addons.xpi	ERROR	Failed to download system add-on fxmonitor@mozilla.org: Error: Failed downloading via XHR, status: 0, reason: error(resource://gre/modules/addons/ProductAddonChecker.jsm:312:16) JS Stack trace: fail@ProductAddonChecker.jsm:312:16
1545985305362	addons.manager	WARN	Failed to update system addons: Error: Rejecting updated system add-on set that either could not be downloaded or contained unusable add-ons.(resource://gre/modules/addons/XPIInstall.jsm:3721:13) JS Stack trace: updateSystemAddons@XPIInstall.jsm:3721:13
1545985362700	Marionette	DEBUG	Received observer notification xpcom-will-shutdown
1545985362700	Marionette	DEBUG	Resetting recommended pref app.update.disabledForTesting
1545985362701	Marionette	DEBUG	Resetting recommended pref security.turn_off_all_security_so_that_viruses_can_take_over_this_computer
1545985362701	Marionette	DEBUG	Resetting recommended pref apz.content_response_timeout
1545985362702	Marionette	DEBUG	Resetting recommended pref browser.contentblocking.introCount
1545985362702	Marionette	DEBUG	Resetting recommended pref browser.download.panel.shown
1545985362702	Marionette	DEBUG	Resetting recommended pref browser.newtabpage.enabled
1545985362703	Marionette	DEBUG	Resetting recommended pref browser.pagethumbnails.capturing_disabled
1545985362703	Marionette	DEBUG	Resetting recommended pref browser.search.update
1545985362704	Marionette	DEBUG	Resetting recommended pref browser.tabs.disableBackgroundZombification
1545985362704	Marionette	DEBUG	Resetting recommended pref browser.tabs.warnOnCloseOtherTabs
1545985362704	Marionette	DEBUG	Resetting recommended pref browser.tabs.warnOnOpen
1545985362705	Marionette	DEBUG	Resetting recommended pref browser.usedOnWindows10.introURL
1545985362705	Marionette	DEBUG	Resetting recommended pref browser.urlbar.suggest.searches
1545985362706	Marionette	DEBUG	Resetting recommended pref datareporting.policy.dataSubmissionPolicyAccepted
1545985362706	Marionette	DEBUG	Resetting recommended pref dom.disable_beforeunload
1545985362706	Marionette	DEBUG	Resetting recommended pref dom.disable_open_during_load
1545985362706	Marionette	DEBUG	Resetting recommended pref dom.file.createInChild
1545985362707	Marionette	DEBUG	Resetting recommended pref dom.max_chrome_script_run_time
1545985362707	Marionette	DEBUG	Resetting recommended pref dom.max_script_run_time
1545985362708	Marionette	DEBUG	Resetting recommended pref extensions.getAddons.cache.enabled
1545985362708	Marionette	DEBUG	Resetting recommended pref extensions.webservice.discoverURL
1545985362708	Marionette	DEBUG	Resetting recommended pref network.http.prompt-temp-redirect
1545985362708	Marionette	DEBUG	Resetting recommended pref network.http.speculative-parallel-limit
1545985362708	Marionette	DEBUG	Resetting recommended pref security.fileuri.strict_origin_policy
1545985362708	Marionette	DEBUG	Resetting recommended pref security.notification_enable_delay
1545985362708	Marionette	DEBUG	Resetting recommended pref signon.autofillForms
1545985362709	Marionette	DEBUG	Resetting recommended pref signon.rememberSignons
1545985362709	Marionette	DEBUG	Resetting recommended pref toolkit.cosmeticAnimations.enabled
1545985362710	Marionette	INFO	Stopped listening on port 56949
1545985362710	Marionette	DEBUG	Remote service is inactive
1545985366220	addons.productaddons	WARN	Failed downloading via XHR, status: 0, reason: error
1545985366222	addons.productaddons	WARN	Failed downloading via XHR, status: 0, reason: error
1545985366323	Marionette	DEBUG	Received observer notification xpcom-will-shutdown
1545985366323	Marionette	DEBUG	Resetting recommended pref app.update.disabledForTesting
1545985366323	Marionette	DEBUG	Resetting recommended pref security.turn_off_all_security_so_that_viruses_can_take_over_this_computer
1545985366323	Marionette	DEBUG	Resetting recommended pref apz.content_response_timeout
1545985366323	Marionette	DEBUG	Resetting recommended pref browser.contentblocking.introCount
1545985366324	Marionette	DEBUG	Resetting recommended pref browser.download.panel.shown
1545985366324	Marionette	DEBUG	Resetting recommended pref browser.newtabpage.enabled
1545985366325	Marionette	DEBUG	Resetting recommended pref browser.pagethumbnails.capturing_disabled
1545985366325	Marionette	DEBUG	Resetting recommended pref browser.search.update
1545985366325	Marionette	DEBUG	Resetting recommended pref browser.tabs.disableBackgroundZombification
1545985366326	Marionette	DEBUG	Resetting recommended pref browser.tabs.warnOnCloseOtherTabs
1545985366326	Marionette	DEBUG	Resetting recommended pref browser.tabs.warnOnOpen
1545985366326	Marionette	DEBUG	Resetting recommended pref browser.usedOnWindows10.introURL
1545985366326	Marionette	DEBUG	Resetting recommended pref browser.urlbar.suggest.searches
1545985366327	Marionette	DEBUG	Resetting recommended pref datareporting.policy.dataSubmissionPolicyAccepted
1545985366327	Marionette	DEBUG	Resetting recommended pref dom.disable_beforeunload
1545985366327	Marionette	DEBUG	Resetting recommended pref dom.disable_open_during_load
1545985366327	Marionette	DEBUG	Resetting recommended pref dom.file.createInChild
1545985366327	Marionette	DEBUG	Resetting recommended pref dom.max_chrome_script_run_time
1545985366328	Marionette	DEBUG	Resetting recommended pref dom.max_script_run_time
1545985366328	Marionette	DEBUG	Resetting recommended pref extensions.getAddons.cache.enabled
1545985366328	Marionette	DEBUG	Resetting recommended pref extensions.webservice.discoverURL
1545985366328	Marionette	DEBUG	Resetting recommended pref network.http.prompt-temp-redirect
1545985366328	Marionette	DEBUG	Resetting recommended pref network.http.speculative-parallel-limit
1545985366329	Marionette	DEBUG	Resetting recommended pref security.fileuri.strict_origin_policy
1545985366329	Marionette	DEBUG	Resetting recommended pref security.notification_enable_delay
1545985366329	Marionette	DEBUG	Resetting recommended pref signon.autofillForms
1545985366329	Marionette	DEBUG	Resetting recommended pref signon.rememberSignons
1545985366329	Marionette	DEBUG	Resetting recommended pref toolkit.cosmeticAnimations.enabled
1545985366330	Marionette	INFO	Stopped listening on port 55569
1545985366330	Marionette	DEBUG	Remote service is inactive
1545991162442	geckodriver	INFO	geckodriver 0.21.0
1545991162452	geckodriver	INFO	Listening on 127.0.0.1:53711
1545991163468	mozrunner::runner	INFO	Running command: "/Applications/Firefox.app/Contents/MacOS/firefox-bin" "-marionette" "-foreground" "-no-remote" "-profile" "/var/folders/3b/mn0xzf5x7yj63wrj2vwlv2yh0000gn/T/rust_mozprofile.gf1Dyk1KAJ12"
1545991164182	addons.webextension.screenshots@mozilla.org	WARN	Loading extension 'screenshots@mozilla.org': Reading manifest: Invalid host permission: resource://pdf.js/
1545991164182	addons.webextension.screenshots@mozilla.org	WARN	Loading extension 'screenshots@mozilla.org': Reading manifest: Invalid host permission: about:reader*
1545991164306	Marionette	DEBUG	Received observer notification profile-after-change
1545991164432	Marionette	DEBUG	Received observer notification command-line-startup
1545991164433	Marionette	DEBUG	Received observer notification nsPref:changed
1545991164433	Marionette	DEBUG	Init aborted (running=false, enabled=true, finalUIStartup=false)
1545991164627	Marionette	DEBUG	Received observer notification toplevel-window-ready
Can't find symbol 'GetGraphicsResetStatus'.
1545991165762	Marionette	DEBUG	Received observer notification sessionstore-windows-restored
1545991165762	Marionette	DEBUG	Waiting for delayed startup...
1545991165928	Marionette	DEBUG	Setting recommended pref app.update.disabledForTesting to true
1545991165929	Marionette	DEBUG	Setting recommended pref security.turn_off_all_security_so_that_viruses_can_take_over_this_computer to true
1545991165929	Marionette	DEBUG	Setting recommended pref apz.content_response_timeout to 60000
1545991165929	Marionette	DEBUG	Setting recommended pref browser.contentblocking.introCount to 99
1545991165930	Marionette	DEBUG	Setting recommended pref browser.download.panel.shown to true
1545991165930	Marionette	DEBUG	Setting recommended pref browser.newtabpage.enabled to false
1545991165930	Marionette	DEBUG	Setting recommended pref browser.pagethumbnails.capturing_disabled to true
1545991165930	Marionette	DEBUG	Setting recommended pref browser.search.update to false
1545991165930	Marionette	DEBUG	Setting recommended pref browser.tabs.disableBackgroundZombification to false
1545991165931	Marionette	DEBUG	Setting recommended pref browser.tabs.warnOnCloseOtherTabs to false
1545991165931	Marionette	DEBUG	Setting recommended pref browser.tabs.warnOnOpen to false
1545991165931	Marionette	DEBUG	Setting recommended pref browser.usedOnWindows10.introURL to 
1545991165931	Marionette	DEBUG	Setting recommended pref browser.urlbar.suggest.searches to false
1545991165931	Marionette	DEBUG	Setting recommended pref datareporting.policy.dataSubmissionPolicyAccepted to false
1545991165931	Marionette	DEBUG	Setting recommended pref dom.disable_beforeunload to true
1545991165931	Marionette	DEBUG	Setting recommended pref dom.disable_open_during_load to false
1545991165931	Marionette	DEBUG	Setting recommended pref dom.file.createInChild to true
1545991165932	Marionette	DEBUG	Setting recommended pref dom.max_chrome_script_run_time to 0
1545991165932	Marionette	DEBUG	Setting recommended pref dom.max_script_run_time to 0
1545991165932	Marionette	DEBUG	Setting recommended pref extensions.getAddons.cache.enabled to false
1545991165932	Marionette	DEBUG	Setting recommended pref extensions.webservice.discoverURL to http://%(server)s/dummy/discoveryURL
1545991165932	Marionette	DEBUG	Setting recommended pref network.http.prompt-temp-redirect to false
1545991165932	Marionette	DEBUG	Setting recommended pref network.http.speculative-parallel-limit to 0
1545991165932	Marionette	DEBUG	Setting recommended pref security.fileuri.strict_origin_policy to false
1545991165932	Marionette	DEBUG	Setting recommended pref security.notification_enable_delay to 0
1545991165932	Marionette	DEBUG	Setting recommended pref signon.autofillForms to false
1545991165932	Marionette	DEBUG	Setting recommended pref signon.rememberSignons to false
1545991165932	Marionette	DEBUG	Setting recommended pref toolkit.cosmeticAnimations.enabled to false
1545991165973	Marionette	INFO	Listening on port 53730
1545991165973	Marionette	DEBUG	Remote service is active
1545991166052	Marionette	DEBUG	Accepted connection 0 from 127.0.0.1:53767
1545991166057	Marionette	TRACE	0 -> [0,1,"WebDriver:NewSession",{"acceptInsecureCerts":true,"browserName":"firefox","capabilities":{"desiredCapabilities":{"acceptInsecureCerts":true,"browserName":"firefox"}}}]
1545991166058	Marionette	WARN	TLS certificate errors will be ignored for this session
1545991166114	Marionette	DEBUG	[4294967297] Frame script loaded
1545991166118	Marionette	DEBUG	[4294967297] Frame script registered
1545991166138	Marionette	TRACE	0 <- [1,1,null,{"sessionId":"5626c179-32dd-144c-9121-200a5a9585c5","capabilities":{"browserName":"firefox","browserVersion":"64.0" ... alse,"moz:webdriverClick":true,"capabilities":{"desiredCapabilities":{"acceptInsecureCerts":true,"browserName":"firefox"}}}}]
1545991166151	Marionette	TRACE	0 -> [0,2,"WebDriver:Navigate",{"url":"https://passport.lagou.com/login/login.html"}]
1545991166166	Marionette	DEBUG	[4294967297] Received DOM event beforeunload for about:blank
1545991166353	Marionette	DEBUG	[4294967297] Received DOM event pagehide for about:blank
1545991167981	Marionette	DEBUG	[4294967297] Received DOM event DOMContentLoaded for https://passport.lagou.com/login/login.html
Can't find symbol 'GetGraphicsResetStatus'.
1545991170290	Marionette	DEBUG	[4294967297] Received DOM event pageshow for https://passport.lagou.com/login/login.html
1545991170292	Marionette	TRACE	0 <- [1,2,null,{"value":null}]
1545991170301	Marionette	TRACE	0 -> [0,3,"WebDriver:FindElement",{"using":"css selector","value":".form_body input[type='text']"}]
1545991170306	Marionette	TRACE	0 <- [1,3,null,{"value":{"element-6066-11e4-a52e-4f735466cecf":"45bba2c2-d2d1-1140-bdc0-f583af6c868a"}}]
1545991170312	Marionette	TRACE	0 -> [0,4,"WebDriver:ElementSendKeys",{"id":"45bba2c2-d2d1-1140-bdc0-f583af6c868a","text":"18301239320","value":["1","8","3","0","1","2","3","9","3","2","0"]}]
1545991170369	Marionette	TRACE	0 <- [1,4,null,{"value":null}]
1545991170372	Marionette	TRACE	0 -> [0,5,"WebDriver:FindElement",{"using":"css selector","value":".form_body input[type='password']"}]
1545991170374	Marionette	TRACE	0 <- [1,5,null,{"value":{"element-6066-11e4-a52e-4f735466cecf":"f3032645-aa1d-7540-b840-9c083658cd04"}}]
1545991170377	Marionette	TRACE	0 -> [0,6,"WebDriver:ElementSendKeys",{"id":"f3032645-aa1d-7540-b840-9c083658cd04","text":"dianying007","value":["d","i","a","n","y","i","n","g","0","0","7"]}]
1545991170439	Marionette	TRACE	0 <- [1,6,null,{"value":null}]
1545991170442	Marionette	TRACE	0 -> [0,7,"WebDriver:FindElement",{"using":"xpath","value":"//div[@class='form_body']/form/div[5]/input"}]
1545991170446	Marionette	TRACE	0 <- [1,7,null,{"value":{"element-6066-11e4-a52e-4f735466cecf":"8e7c3cfc-2118-ba45-9f31-18770ff2fb86"}}]
1545991170450	Marionette	TRACE	0 -> [0,8,"WebDriver:ElementClick",{"id":"8e7c3cfc-2118-ba45-9f31-18770ff2fb86"}]
1545991170902	Marionette	DEBUG	[4294967297] Canceled page load listener because no navigation has been detected
1545991170904	Marionette	TRACE	0 <- [1,8,null,{"value":null}]
1545991180913	Marionette	TRACE	0 -> [0,9,"WebDriver:GetCookies",{}]
1545991180916	Marionette	TRACE	0 <- [1,9,null,[{"name":"JSESSIONID","value":"ABAAABAAAHAAAFD774EDA178181835E334C11FF23177DE6","path":"/","domain":"passport.lagou ... 4df5a00135c174c896a2a6f4eab877c2f698","path":"/","domain":".lagou.com","secure":false,"httpOnly":false,"expiry":1546595980}]]
1545991193779	Marionette	DEBUG	Closed connection 0
Can't find symbol 'GetGraphicsResetStatus'.
Can't find symbol 'GetGraphicsResetStatus'.
Can't find symbol 'GetGraphicsResetStatus'.
console.error: BroadcastService: 
  receivedBroadcastMessage: handler for
  remote-settings/monitor_changes
  threw error:
  Message: Error: Polling for changes failed: NetworkError when attempting to fetch resource..
  Stack:
    remoteSettingsFunction/remoteSettings.pollChanges@resource://services-settings/remote-settings.js:750:13

1545991719296	addons.productaddons	WARN	Failed downloading via XHR, status: 0, reason: error
1545991719296	addons.xpi	ERROR	Failed to download system add-on fxmonitor@mozilla.org: Error: Failed downloading via XHR, status: 0, reason: error(resource://gre/modules/addons/ProductAddonChecker.jsm:312:16) JS Stack trace: fail@ProductAddonChecker.jsm:312:16
1545991719298	addons.manager	WARN	Failed to update system addons: Error: Rejecting updated system add-on set that either could not be downloaded or contained unusable add-ons.(resource://gre/modules/addons/XPIInstall.jsm:3721:13) JS Stack trace: updateSystemAddons@XPIInstall.jsm:3721:13
1546418694832	geckodriver	INFO	geckodriver 0.21.0
1546418694842	geckodriver	INFO	Listening on 127.0.0.1:50831
1546418695854	mozrunner::runner	INFO	Running command: "/Applications/Firefox.app/Contents/MacOS/firefox-bin" "-marionette" "-foreground" "-no-remote" "-profile" "/var/folders/3b/mn0xzf5x7yj63wrj2vwlv2yh0000gn/T/rust_mozprofile.iufgwkTBvvPI"
1546418696586	addons.webextension.screenshots@mozilla.org	WARN	Loading extension 'screenshots@mozilla.org': Reading manifest: Invalid host permission: resource://pdf.js/
1546418696586	addons.webextension.screenshots@mozilla.org	WARN	Loading extension 'screenshots@mozilla.org': Reading manifest: Invalid host permission: about:reader*
1546418696715	Marionette	DEBUG	Received observer notification profile-after-change
1546418696897	Marionette	DEBUG	Received observer notification command-line-startup
1546418696897	Marionette	DEBUG	Received observer notification nsPref:changed
1546418696897	Marionette	DEBUG	Init aborted (running=false, enabled=true, finalUIStartup=false)
1546418697030	Marionette	DEBUG	Received observer notification toplevel-window-ready
Can't find symbol 'GetGraphicsResetStatus'.
1546418698165	Marionette	DEBUG	Received observer notification sessionstore-windows-restored
1546418698165	Marionette	DEBUG	Waiting for delayed startup...
1546418698278	Marionette	DEBUG	Setting recommended pref app.update.disabledForTesting to true
1546418698278	Marionette	DEBUG	Setting recommended pref security.turn_off_all_security_so_that_viruses_can_take_over_this_computer to true
1546418698279	Marionette	DEBUG	Setting recommended pref apz.content_response_timeout to 60000
1546418698279	Marionette	DEBUG	Setting recommended pref browser.contentblocking.introCount to 99
1546418698279	Marionette	DEBUG	Setting recommended pref browser.download.panel.shown to true
1546418698279	Marionette	DEBUG	Setting recommended pref browser.newtabpage.enabled to false
1546418698279	Marionette	DEBUG	Setting recommended pref browser.pagethumbnails.capturing_disabled to true
1546418698280	Marionette	DEBUG	Setting recommended pref browser.search.update to false
1546418698280	Marionette	DEBUG	Setting recommended pref browser.tabs.disableBackgroundZombification to false
1546418698280	Marionette	DEBUG	Setting recommended pref browser.tabs.warnOnCloseOtherTabs to false
1546418698280	Marionette	DEBUG	Setting recommended pref browser.tabs.warnOnOpen to false
1546418698280	Marionette	DEBUG	Setting recommended pref browser.usedOnWindows10.introURL to 
1546418698281	Marionette	DEBUG	Setting recommended pref browser.urlbar.suggest.searches to false
1546418698281	Marionette	DEBUG	Setting recommended pref datareporting.policy.dataSubmissionPolicyAccepted to false
1546418698281	Marionette	DEBUG	Setting recommended pref dom.disable_beforeunload to true
1546418698281	Marionette	DEBUG	Setting recommended pref dom.disable_open_during_load to false
1546418698281	Marionette	DEBUG	Setting recommended pref dom.file.createInChild to true
1546418698281	Marionette	DEBUG	Setting recommended pref dom.max_chrome_script_run_time to 0
1546418698281	Marionette	DEBUG	Setting recommended pref dom.max_script_run_time to 0
1546418698282	Marionette	DEBUG	Setting recommended pref extensions.getAddons.cache.enabled to false
1546418698282	Marionette	DEBUG	Setting recommended pref extensions.webservice.discoverURL to http://%(server)s/dummy/discoveryURL
1546418698282	Marionette	DEBUG	Setting recommended pref network.http.prompt-temp-redirect to false
1546418698282	Marionette	DEBUG	Setting recommended pref network.http.speculative-parallel-limit to 0
1546418698282	Marionette	DEBUG	Setting recommended pref security.fileuri.strict_origin_policy to false
1546418698282	Marionette	DEBUG	Setting recommended pref security.notification_enable_delay to 0
1546418698282	Marionette	DEBUG	Setting recommended pref signon.autofillForms to false
1546418698283	Marionette	DEBUG	Setting recommended pref signon.rememberSignons to false
1546418698283	Marionette	DEBUG	Setting recommended pref toolkit.cosmeticAnimations.enabled to false
1546418698322	Marionette	INFO	Listening on port 50842
1546418698323	Marionette	DEBUG	Remote service is active
1546418698359	Marionette	DEBUG	Accepted connection 0 from 127.0.0.1:50868
1546418698382	Marionette	TRACE	0 -> [0,1,"WebDriver:NewSession",{"acceptInsecureCerts":true,"browserName":"firefox","capabilities":{"desiredCapabilities":{"acceptInsecureCerts":true,"browserName":"firefox"}}}]
1546418698382	Marionette	WARN	TLS certificate errors will be ignored for this session
1546418698426	Marionette	DEBUG	[4294967297] Frame script loaded
1546418698428	Marionette	DEBUG	[4294967297] Frame script registered
1546418698435	Marionette	TRACE	0 <- [1,1,null,{"sessionId":"8cfebcec-df75-9340-b2a4-1e39b61391c3","capabilities":{"browserName":"firefox","browserVersion":"64.0" ... alse,"moz:webdriverClick":true,"capabilities":{"desiredCapabilities":{"acceptInsecureCerts":true,"browserName":"firefox"}}}}]
1546418698472	Marionette	TRACE	0 -> [0,2,"WebDriver:Navigate",{"url":"https://passport.lagou.com/login/login.html"}]
1546418698484	Marionette	DEBUG	[4294967297] Received DOM event beforeunload for about:blank
1546418709523	Marionette	DEBUG	[4294967297] Received DOM event pagehide for about:blank
1546418711955	Marionette	DEBUG	[4294967297] Received DOM event DOMContentLoaded for https://passport.lagou.com/login/login.html
console.error: BroadcastService: 
  receivedBroadcastMessage: handler for
  remote-settings/monitor_changes
  threw error:
  Message: Error: Polling for changes failed: NetworkError when attempting to fetch resource..
  Stack:
    remoteSettingsFunction/remoteSettings.pollChanges@resource://services-settings/remote-settings.js:750:13

1546418809760	Marionette	DEBUG	[4294967297] Received DOM event beforeunload for https://passport.lagou.com/login/login.html
1546418809774	Marionette	DEBUG	Received DOM event unload for [object XULDocument]
1546418809779	Marionette	DEBUG	Received observer notification message-manager-disconnect
1546418809780	Marionette	DEBUG	[4294967297] Received DOM event unload for https://passport.lagou.com/login/login.html
1546418809784	Marionette	DEBUG	[4294967297] Received observer notification outer-window-destroyed
1546418809795	Marionette	TRACE	0 <- [1,2,null,{"value":null}]
1546418809815	Marionette	TRACE	0 -> [0,3,"WebDriver:FindElement",{"using":"css selector","value":".form_body input[type='text']"}]
1546418809815	Marionette	TRACE	0 <- [1,3,{"error":"no such window","message":"Browsing context has been discarded","stacktrace":"WebDriverError@chrome://marionet ... et@chrome://marionette/content/server.js:236:8\n_onJSONObjectReady/<@chrome://marionette/content/transport.js:490:9\n"},null]
1546418831229	geckodriver	INFO	geckodriver 0.21.0
1546418831239	geckodriver	INFO	Listening on 127.0.0.1:50953
1546418832248	mozrunner::runner	INFO	Running command: "/Applications/Firefox.app/Contents/MacOS/firefox-bin" "-marionette" "-foreground" "-no-remote" "-profile" "/var/folders/3b/mn0xzf5x7yj63wrj2vwlv2yh0000gn/T/rust_mozprofile.FYtzJ0yA3o3M"
1546418832797	addons.webextension.screenshots@mozilla.org	WARN	Loading extension 'screenshots@mozilla.org': Reading manifest: Invalid host permission: resource://pdf.js/
1546418832797	addons.webextension.screenshots@mozilla.org	WARN	Loading extension 'screenshots@mozilla.org': Reading manifest: Invalid host permission: about:reader*
1546418832916	Marionette	DEBUG	Received observer notification profile-after-change
1546418833009	Marionette	DEBUG	Received observer notification command-line-startup
1546418833009	Marionette	DEBUG	Received observer notification nsPref:changed
1546418833009	Marionette	DEBUG	Init aborted (running=false, enabled=true, finalUIStartup=false)
1546418833095	Marionette	DEBUG	Received observer notification toplevel-window-ready
Can't find symbol 'GetGraphicsResetStatus'.
1546418834228	Marionette	DEBUG	Received observer notification sessionstore-windows-restored
1546418834228	Marionette	DEBUG	Waiting for delayed startup...
1546418834322	Marionette	DEBUG	Setting recommended pref app.update.disabledForTesting to true
1546418834323	Marionette	DEBUG	Setting recommended pref security.turn_off_all_security_so_that_viruses_can_take_over_this_computer to true
1546418834323	Marionette	DEBUG	Setting recommended pref apz.content_response_timeout to 60000
1546418834323	Marionette	DEBUG	Setting recommended pref browser.contentblocking.introCount to 99
1546418834323	Marionette	DEBUG	Setting recommended pref browser.download.panel.shown to true
1546418834323	Marionette	DEBUG	Setting recommended pref browser.newtabpage.enabled to false
1546418834323	Marionette	DEBUG	Setting recommended pref browser.pagethumbnails.capturing_disabled to true
1546418834324	Marionette	DEBUG	Setting recommended pref browser.search.update to false
1546418834324	Marionette	DEBUG	Setting recommended pref browser.tabs.disableBackgroundZombification to false
1546418834324	Marionette	DEBUG	Setting recommended pref browser.tabs.warnOnCloseOtherTabs to false
1546418834324	Marionette	DEBUG	Setting recommended pref browser.tabs.warnOnOpen to false
1546418834324	Marionette	DEBUG	Setting recommended pref browser.usedOnWindows10.introURL to 
1546418834325	Marionette	DEBUG	Setting recommended pref browser.urlbar.suggest.searches to false
1546418834325	Marionette	DEBUG	Setting recommended pref datareporting.policy.dataSubmissionPolicyAccepted to false
1546418834325	Marionette	DEBUG	Setting recommended pref dom.disable_beforeunload to true
1546418834325	Marionette	DEBUG	Setting recommended pref dom.disable_open_during_load to false
1546418834325	Marionette	DEBUG	Setting recommended pref dom.file.createInChild to true
1546418834325	Marionette	DEBUG	Setting recommended pref dom.max_chrome_script_run_time to 0
1546418834325	Marionette	DEBUG	Setting recommended pref dom.max_script_run_time to 0
1546418834325	Marionette	DEBUG	Setting recommended pref extensions.getAddons.cache.enabled to false
1546418834325	Marionette	DEBUG	Setting recommended pref extensions.webservice.discoverURL to http://%(server)s/dummy/discoveryURL
1546418834325	Marionette	DEBUG	Setting recommended pref network.http.prompt-temp-redirect to false
1546418834325	Marionette	DEBUG	Setting recommended pref network.http.speculative-parallel-limit to 0
1546418834326	Marionette	DEBUG	Setting recommended pref security.fileuri.strict_origin_policy to false
1546418834326	Marionette	DEBUG	Setting recommended pref security.notification_enable_delay to 0
1546418834326	Marionette	DEBUG	Setting recommended pref signon.autofillForms to false
1546418834326	Marionette	DEBUG	Setting recommended pref signon.rememberSignons to false
1546418834326	Marionette	DEBUG	Setting recommended pref toolkit.cosmeticAnimations.enabled to false
1546418834362	Marionette	INFO	Listening on port 50964
1546418834362	Marionette	DEBUG	Remote service is active
1546418834426	Marionette	DEBUG	Accepted connection 0 from 127.0.0.1:50991
1546418834432	Marionette	TRACE	0 -> [0,1,"WebDriver:NewSession",{"acceptInsecureCerts":true,"browserName":"firefox","capabilities":{"desiredCapabilities":{"acceptInsecureCerts":true,"browserName":"firefox"}}}]
1546418834433	Marionette	WARN	TLS certificate errors will be ignored for this session
1546418834477	Marionette	DEBUG	[4294967297] Frame script loaded
1546418834481	Marionette	DEBUG	[4294967297] Frame script registered
1546418834489	Marionette	TRACE	0 <- [1,1,null,{"sessionId":"6588eff6-0b67-e54c-abc5-5bdaaf420dcd","capabilities":{"browserName":"firefox","browserVersion":"64.0" ... alse,"moz:webdriverClick":true,"capabilities":{"desiredCapabilities":{"acceptInsecureCerts":true,"browserName":"firefox"}}}}]
1546418834523	Marionette	TRACE	0 -> [0,2,"WebDriver:Navigate",{"url":"https://passport.lagou.com/login/login.html"}]
1546418834531	Marionette	DEBUG	[4294967297] Received DOM event beforeunload for about:blank
1546418835759	Marionette	DEBUG	[4294967297] Received DOM event pagehide for about:blank
1546418838284	Marionette	DEBUG	[4294967297] Received DOM event DOMContentLoaded for https://passport.lagou.com/login/login.html
console.error: BroadcastService: 
  receivedBroadcastMessage: handler for
  remote-settings/monitor_changes
  threw error:
  Message: Error: Polling for changes failed: NetworkError when attempting to fetch resource..
  Stack:
    remoteSettingsFunction/remoteSettings.pollChanges@resource://services-settings/remote-settings.js:750:13

Can't find symbol 'GetGraphicsResetStatus'.
1546418918167	Marionette	DEBUG	[4294967297] Received DOM event pageshow for https://passport.lagou.com/login/login.html
1546418918169	Marionette	TRACE	0 <- [1,2,null,{"value":null}]
1546418918173	Marionette	TRACE	0 -> [0,3,"WebDriver:FindElement",{"using":"css selector","value":".form_body input[type='text']"}]
1546418918178	Marionette	TRACE	0 <- [1,3,null,{"value":{"element-6066-11e4-a52e-4f735466cecf":"0d536635-d1eb-8043-8037-f3d28ecdd8bb"}}]
1546418918183	Marionette	TRACE	0 -> [0,4,"WebDriver:ElementSendKeys",{"id":"0d536635-d1eb-8043-8037-f3d28ecdd8bb","text":"18301239320","value":["1","8","3","0","1","2","3","9","3","2","0"]}]
1546418918235	Marionette	TRACE	0 <- [1,4,null,{"value":null}]
1546418918238	Marionette	TRACE	0 -> [0,5,"WebDriver:FindElement",{"using":"css selector","value":".form_body input[type='password']"}]
1546418918243	Marionette	TRACE	0 <- [1,5,null,{"value":{"element-6066-11e4-a52e-4f735466cecf":"efd7dbc0-a905-6940-b47a-73ba199a0a79"}}]
1546418918245	Marionette	TRACE	0 -> [0,6,"WebDriver:ElementSendKeys",{"id":"efd7dbc0-a905-6940-b47a-73ba199a0a79","text":"dianying007","value":["d","i","a","n","y","i","n","g","0","0","7"]}]
1546418918301	Marionette	TRACE	0 <- [1,6,null,{"value":null}]
1546418918304	Marionette	TRACE	0 -> [0,7,"WebDriver:FindElement",{"using":"xpath","value":"//div[@class='form_body']/form/div[5]/input"}]
1546418918306	Marionette	TRACE	0 <- [1,7,null,{"value":{"element-6066-11e4-a52e-4f735466cecf":"842d857e-0693-a94a-acfa-2f44677edf76"}}]
1546418918310	Marionette	TRACE	0 -> [0,8,"WebDriver:ElementClick",{"id":"842d857e-0693-a94a-acfa-2f44677edf76"}]
1546418918787	Marionette	DEBUG	[4294967297] Canceled page load listener because no navigation has been detected
1546418918787	Marionette	TRACE	0 <- [1,8,null,{"value":null}]
1546418928796	Marionette	TRACE	0 -> [0,9,"WebDriver:GetCookies",{}]
1546418928798	Marionette	TRACE	0 <- [1,9,null,[{"name":"JSESSIONID","value":"ABAAABAAAHAAAFD0F9641689AE8F0AA00F7B3AE6F3F2D33","path":"/","domain":"passport.lagou ... 5241},{"name":"TG-TRACK-CODE","value":"undefined","path":"/","domain":"passport.lagou.com","secure":false,"httpOnly":false}]]
1546418936188	Marionette	DEBUG	Closed connection 0
1546419381527	addons.productaddons	WARN	Failed downloading via XHR, status: 0, reason: error
1546419381529	addons.xpi	ERROR	Failed to download system add-on fxmonitor@mozilla.org: Error: Failed downloading via XHR, status: 0, reason: error(resource://gre/modules/addons/ProductAddonChecker.jsm:312:16) JS Stack trace: fail@ProductAddonChecker.jsm:312:16
1546419381529	addons.manager	WARN	Failed to update system addons: Error: Rejecting updated system add-on set that either could not be downloaded or contained unusable add-ons.(resource://gre/modules/addons/XPIInstall.jsm:3721:13) JS Stack trace: updateSystemAddons@XPIInstall.jsm:3721:13
1546433598548	Marionette	DEBUG	Received observer notification xpcom-will-shutdown
1546433598548	Marionette	DEBUG	Resetting recommended pref app.update.disabledForTesting
1546433598548	Marionette	DEBUG	Resetting recommended pref security.turn_off_all_security_so_that_viruses_can_take_over_this_computer
1546433598548	Marionette	DEBUG	Resetting recommended pref apz.content_response_timeout
1546433598549	Marionette	DEBUG	Resetting recommended pref browser.contentblocking.introCount
1546433598549	Marionette	DEBUG	Resetting recommended pref browser.download.panel.shown
1546433598549	Marionette	DEBUG	Resetting recommended pref browser.newtabpage.enabled
1546433598549	Marionette	DEBUG	Resetting recommended pref browser.pagethumbnails.capturing_disabled
1546433598549	Marionette	DEBUG	Resetting recommended pref browser.search.update
1546433598549	Marionette	DEBUG	Resetting recommended pref browser.tabs.disableBackgroundZombification
1546433598550	Marionette	DEBUG	Resetting recommended pref browser.tabs.warnOnCloseOtherTabs
1546433598550	Marionette	DEBUG	Resetting recommended pref browser.tabs.warnOnOpen
1546433598550	Marionette	DEBUG	Resetting recommended pref browser.usedOnWindows10.introURL
1546433598550	Marionette	DEBUG	Resetting recommended pref browser.urlbar.suggest.searches
1546433598550	Marionette	DEBUG	Resetting recommended pref datareporting.policy.dataSubmissionPolicyAccepted
1546433598550	Marionette	DEBUG	Resetting recommended pref dom.disable_beforeunload
1546433598550	Marionette	DEBUG	Resetting recommended pref dom.disable_open_during_load
1546433598550	Marionette	DEBUG	Resetting recommended pref dom.file.createInChild
1546433598551	Marionette	DEBUG	Resetting recommended pref dom.max_chrome_script_run_time
1546433598551	Marionette	DEBUG	Resetting recommended pref dom.max_script_run_time
1546433598551	Marionette	DEBUG	Resetting recommended pref extensions.getAddons.cache.enabled
1546433598551	Marionette	DEBUG	Resetting recommended pref extensions.webservice.discoverURL
1546433598551	Marionette	DEBUG	Resetting recommended pref network.http.prompt-temp-redirect
1546433598551	Marionette	DEBUG	Resetting recommended pref network.http.speculative-parallel-limit
1546433598551	Marionette	DEBUG	Resetting recommended pref security.fileuri.strict_origin_policy
1546433598551	Marionette	DEBUG	Resetting recommended pref security.notification_enable_delay
1546433598551	Marionette	DEBUG	Resetting recommended pref signon.autofillForms
1546433598551	Marionette	DEBUG	Resetting recommended pref signon.rememberSignons
1546433598551	Marionette	DEBUG	Resetting recommended pref toolkit.cosmeticAnimations.enabled
1546433598552	Marionette	INFO	Stopped listening on port 50964
1546433598552	Marionette	DEBUG	Remote service is inactive
