1545216368480	mozrunner::runner	INFO	Running command: "G:\\Mozilla Firefox\\firefox.exe" "-marionette" "-foreground" "-no-remote" "-profile" "C:\\Users\\ADMINI~1\\AppData\\Local\\Temp\\rust_mozprofile.E9y2bRXgomCp"
1545216377078	addons.webextension.screenshots@mozilla.org	WARN	Loading extension 'screenshots@mozilla.org': Reading manifest: Invalid host permission: resource://pdf.js/
1545216377079	addons.webextension.screenshots@mozilla.org	WARN	Loading extension 'screenshots@mozilla.org': Reading manifest: Invalid host permission: about:reader*
1545216397027	Marionette	INFO	Listening on port 57826
1545216400076	Marionette	WARN	TLS certificate errors will be ignored for this session
console.error: BroadcastService: 
  receivedBroadcastMessage: handler for
  remote-settings/monitor_changes
  threw error:
  Message: Error: Polling for changes failed: NetworkError when attempting to fetch resource..
  Stack:
    remoteSettingsFunction/remoteSettings.pollChanges@resource://services-settings/remote-settings.js:750:13

JavaScript error: https://ss1.bdstatic.com/5eN1bjq8AAUYm2zgoY3K/r/www/cache/static/protocol/https/plugins/every_cookie_4644b13.js, line 4: ReferenceError: c is not defined
1545216434440	Marionette	INFO	Stopped listening on port 57826
[Child 7464, Chrome_ChildThread] WARNING: pipe error: 109: file z:/build/build/src/ipc/chromium/src/chrome/common/ipc_channel_win.cc, line 346
[Child 7464, Chrome_ChildThread] WARNING: pipe error: 109: file z:/build/build/src/ipc/chromium/src/chrome/common/ipc_channel_win.cc, line 346

###!!! [Child][RunMessage] Error: Channel closing: too late to send/recv, messages will be lost

[GPU 8152, Chrome_ChildThread] WARNING: pipe erro
###!!! [Child][MessageChannel::SendAndWait] Error: Channel error: cannot send/recv

1545216522307	mozrunner::runner	INFO	Running command: "G:\\Mozilla Firefox\\firefox.exe" "-marionette" "-foreground" "-no-remote" "-profile" "C:\\Users\\ADMINI~1\\AppData\\Local\\Temp\\rust_mozprofile.BWMJCGpMpUKl"
1545216523887	addons.webextension.screenshots@mozilla.org	WARN	Loading extension 'screenshots@mozilla.org': Reading manifest: Invalid host permission: resource://pdf.js/
1545216523887	addons.webextension.screenshots@mozilla.org	WARN	Loading extension 'screenshots@mozilla.org': Reading manifest: Invalid host permission: about:reader*
1545216527531	Marionette	INFO	Listening on port 57920
1545216527938	Marionette	WARN	TLS certificate errors will be ignored for this session
1545216582586	Marionette	INFO	Stopped listening on port 57920
[Child 1184, Chrome_ChildThread] WARNING: pipe error: 109: file z:/build/build/src/ipc/chromium/src/chrome/common/ipc_channel_win.cc, line 346
[Child 1184, Chrome_ChildThread] WARNING: pipe error: 109: file z:/build/build/src/ipc/chromium/src/chrome/common/ipc_channel_win.cc, line 346
[Child 5248, Chrome_ChildThread] WARNING: pipe error: 109: file z:/build/build/src/ipc/chromium/src/chrome/common/ipc_channel_win.cc, line 346
[Child 5248, Chrome_ChildThread][Child 8800, Chrome_ChildThread] WARNING: pipe error: 109: file z:/build/build/src/ipc/chromium/src/chrome/common/ipc_channel_win.cc, line 346
[Child 8800, Chrome_ChildThread] WARNING: pipe error: 109: file z:/build/build/src/ip
###!!! [Child][RunMessage] Error: Channel closing: too late to send/recv, messages will be lost

[GPU 8704, Chrome_ChildThread] WARNING: pipe 
###!!! [Child][MessageChannel::SendAndWait] Error: Channel error: cannot send/recv

1545217664781	mozrunner::runner	INFO	Running command: "G:\\Mozilla Firefox\\firefox.exe" "-marionette" "-foreground" "-no-remote" "-profile" "C:\\Users\\ADMINI~1\\AppData\\Local\\Temp\\rust_mozprofile.32BiiWEBXjrP"
1545217671172	addons.webextension.screenshots@mozilla.org	WARN	Loading extension 'screenshots@mozilla.org': Reading manifest: Invalid host permission: resource://pdf.js/
1545217671173	addons.webextension.screenshots@mozilla.org	WARN	Loading extension 'screenshots@mozilla.org': Reading manifest: Invalid host permission: about:reader*
[Child 9160, Chrome_ChildThread] WARNING: pipe error: 109: file z:/build/build/src/ipc/chromium/src/chrome/common/ipc_channel_win.cc, line 346
[Child 9160, Chrome_ChildThread] WAR1545217684548	Marionette	INFO	Listening on port 58518
1545217686109	Marionette	WARN	TLS certificate errors will be ignored for this session
JavaScript error: https://ss1.bdstatic.com/5eN1bjq8AAUYm2zgoY3K/r/www/cache/static/protocol/https/plugins/every_cookie_4644b13.js, line 4: ReferenceError: c is not defined
1545268113117	mozrunner::runner	INFO	Running command: "G:\\Mozilla Firefox\\firefox.exe" "-marionette" "-foreground" "-no-remote" "-profile" "C:\\Users\\ADMINI~1\\AppData\\Local\\Temp\\rust_mozprofile.x0biywKzAJny"
1545268114498	addons.webextension.screenshots@mozilla.org	WARN	Loading extension 'screenshots@mozilla.org': Reading manifest: Invalid host permission: resource://pdf.js/
1545268114498	addons.webextension.screenshots@mozilla.org	WARN	Loading extension 'screenshots@mozilla.org': Reading manifest: Invalid host permission: about:reader*
1545268119056	Marionette	INFO	Listening on port 51963
1545268119536	Marionette	WARN	TLS certificate errors will be ignored for this session
JavaScript error: https://ss1.bdstatic.com/5eN1bjq8AAUYm2zgoY3K/r/www/cache/static/protocol/https/plugins/every_cookie_4644b13.js, line 4: ReferenceError: c is not defined
[Parent 6428, Gecko_IOThread] WARNING: pipe error: 109: file z:/build/build/src/ipc/chromium/src/chrome/common/ipc_channel_win.cc, line 346
[Child 5412, Chrome_ChildThread] WARNING: pipe error: 109: file z:/build/build/src/ipc/chromium/src/chrome/common/ipc_channel_win.cc, line 346
[Child 5412, Chrome_ChildT[Parent 6428, Gecko_IOThread] WARNING: pipe error: 109: file z:/build/build/src/ipc/chromium/src/chrome/common/ipc_channel_win.cc, line 346
[1545268230050	Marionette	INFO	Stopped listening on port 51963

###!!! [Child][RunMessage] Error: Channel closing: too late to send/recv, messages will be lost

[GPU 6120, Chrome_ChildThread] WARNING: pipe error: 
###!!! [Child][MessageChannel::SendAndWait] Error: Channel error: cannot send/recv

/r/www/cache/static/protocol/https/plugins/every_cookie_4644b13.js, line 4: ReferenceError: c is not defined
JavaScript error: https://sp0.baidu.com/5a1Fazu8AA54nxGko9WTAnF6hhy/su?wd=%E5%A6%B9%E5%AD%90&json=1&p=3&sid=1430_21092_28131_26350_27750_28139_22160&req=2&csor=2&pwd=%E5%A6%B9&cb=jQuery110205387665643550912_1545268156468&_=1545268156471, line 1: TypeError: jQuery110205387665643550912_1545268156468 is not a function
[Parent 6396, Gecko_IOThread] WARNING: pipe error: 109: file z:/build/build/src/ipc/chromium/src/chrome/common/ipc_channel_win.cc, line 346
[Child 4988, Chrome_ChildThread] WARNING: pipe error: 109: file z:/build/build/src/ipc/chromium/src/chrome/commo[n/ipc_channel_win.cc, line 346
Child 636[Child 4988, Chrome_Chi4, Chrome_ChildThread] WARNING: pipe error: 109: file z:/build/build/src/ipc/chromium/src/chrome/common/ipc_channel_win.cc, line 346
[Child 6364, Chro[Parent 6396, Gecko_IOThread] WARNING: pipe error: 109: file z:/build/build/src/ipc/chromium/src/chrome/common/ipc_channel_win.cc, line 346
[Child 1704, Chrome_ChildThread] WARNING: pipe error: 109: file z:/build/build/src/ipc/chromium/src/chrome/common/ipc_channel_win.cc, line 346
[Child 1704, Ch1545268170226	Marionette	INFO	Stopped listening on port 52092

###!!! [Child][RunMessage] Error: Channel closing: too late to send/recv, messages will be lost

[GPU 5552, Chrome
###!!! [Child][MessageChannel::SendAndWait] Error: Channel error: cannot send/recv

1545268194124	mozrunner::runner	INFO	Running command: "G:\\Mozilla Firefox\\firefox.exe" "-marionette" "-foreground" "-no-remote" "-profile" "C:\\Users\\ADMINI~1\\AppData\\Local\\Temp\\rust_mozprofile.alqMgSJUMxVH"
1545268195466	addons.webextension.screenshots@mozilla.org	WARN	Loading extension 'screenshots@mozilla.org': Reading manifest: Invalid host permission: resource://pdf.js/
1545268195467	addons.webextension.screenshots@mozilla.org	WARN	Loading extension 'screenshots@mozilla.org': Reading manifest: Invalid host permission: about:reader*
1545268199592	Marionette	INFO	Listening on port 52260
1545268199692	Marionette	WARN	TLS certificate errors will be ignored for this session
JavaScript error: https://ss1.bdstatic.com/5eN1bjq8AAUYm2zgoY3K/r/www/cache/static/protocol/https/plugins/every_cookie_4644b13.js, line 4: ReferenceError: c is not defined
1545268214296	Marionette	INFO	Stopped listening on port 52260
[Child 3532, Chrome_ChildThread] WARNING: pipe error: 109: file z:/build/build/src/ipc/chromium/src/chrome/common/ipc_channel_win.cc, line 346
[Child 3532, Chro[Parent 8016, Gecko_IOThread] WARNING: pipe error: 109: file z:/build/build/src/ipc/chromium/src/chrome/common/ipc_channel_win.cc, line 346
[Child 6912, Chrome_ChildThread] WARNING: pipe error: 109: file z:/build/build/src/ipc/chromium/src/chrome/common/ipc_channel_win.cc, line 346
[Child 6912, Chrome_ChildThread] WARNING: pipe e[Parent 8016, Gecko_IOThread] WARNING: pipe error: 109: file z:/build/build/src/ipc/chromium/src/chrome/common/ipc_channel_win.cc, line 346

###!!! [Child][RunMessage] Error: Channel closing: too late to send/recv, messages will be lost

[GPU 7532, Chrom
###!!! [Child][MessageChannel::SendAndWait] Error: Channel error: cannot send/recv

1545268236578	mozrunner::runner	INFO	Running command: "G:\\Mozilla Firefox\\firefox.exe" "-marionette" "-foreground" "-no-remote" "-profile" "C:\\Users\\ADMINI~1\\AppData\\Local\\Temp\\rust_mozprofile.6Qo6P6C0CYb9"
1545268237936	addons.webextension.screenshots@mozilla.org	WARN	Loading extension 'screenshots@mozilla.org': Reading manifest: Invalid host permission: resource://pdf.js/
1545268237936	addons.webextension.screenshots@mozilla.org	WARN	Loading extension 'screenshots@mozilla.org': Reading manifest: Invalid host permission: about:reader*
1545268241945	Marionette	INFO	Listening on port 52428
1545268242036	Marionette	WARN	TLS certificate errors will be ignored for this session
JavaScript error: https://ss1.bdstatic.com/5eN1bjq8AAUYm2zgoY3K/r/www/cache/static/protocol/https/plugins/every_cookie_4644b13.js, line 4: ReferenceError: c is not defined
JavaScript error: https://sp0.baidu.com/5a1Fazu8AA54nxGko9WTAnF6hhy/su?wd=%E5%A6%B9%E5%AD%90&json=1&p=3&sid=1450_21121_28131_26350_27751_28140_27508&req=2&csor=2&pwd=%E5%A6%B9&cb=jQuery110205529888189790493_1545268244936&_=1545268244939, line 1: TypeError: jQuery110205529888189790493_1545268244936 is not a function
1545268257432	Marionette	INFO	Stopped listening on port 52428
[Parent 6656, Gecko_IOThread] WARNING: pipe error: 109: file z:/build/build/src/ipc/chromium/src/chrome/common/ipc_channel_win.cc, line 346
[Child 6248, Chrome_ChildThread] WARNING: pipe error: 109: file z:/build/build/src/ipc/chromium/src/chrome/common/ipc_channel_win.cc, line 346
[Child 6248, Chro
###!!! [Child][RunMessage] Error: Channel closing: too late to send/recv, messages will be lost

[GPU 6072, Chro
###!!! [Child][MessageChannel::SendAndWait] Error: Channel error: cannot send/recv

1545268370155	mozrunner::runner	INFO	Running command: "G:\\Mozilla Firefox\\firefox.exe" "-marionette" "--headless" "-foreground" "-no-remote" "-profile" "C:\\Users\\ADMINI~1\\AppData\\Local\\Temp\\rust_mozprofile.WqPNq6MtNrNU"
*** You are running in headless mode.
1545268371325	addons.webextension.screenshots@mozilla.org	WARN	Loading extension 'screenshots@mozilla.org': Reading manifest: Invalid host permission: resource://pdf.js/
1545268371325	addons.webextension.screenshots@mozilla.org	WARN	Loading extension 'screenshots@mozilla.org': Reading manifest: Invalid host permission: about:reader*
1545268374967	Marionette	INFO	Listening on port 52779
1545268375120	Marionette	WARN	TLS certificate errors will be ignored for this session
JavaScript error: https://ss1.bdstatic.com/5eN1bjq8AAUYm2zgoY3K/r/www/cache/static/protocol/https/plugins/every_cookie_4644b13.js, line 4: ReferenceError: c is not defined
1545268390495	Marionette	INFO	Stopped listening on port 52779
[Parent 7916, Gecko_IOThread] WARNING: pipe error: 109: file z:/build/build/src/ipc/chromium/src/chrome/common/ipc_channel_win.cc, line 346
1546518660740	mozrunner::runner	INFO	Running command: "G:\\Mozilla Firefox\\firefox.exe" "-marionette" "--headless" "-foreground" "-no-remote" "-profile" "C:\\Users\\ADMINI~1\\AppData\\Local\\Temp\\rust_mozprofile.nbOpEyGDu4fS"
*** You are running in headless mode.
1546518681484	addons.webextension.screenshots@mozilla.org	WARN	Loading extension 'screenshots@mozilla.org': Reading manifest: Invalid host permission: resource://pdf.js/
1546518681523	addons.webextension.screenshots@mozilla.org	WARN	Loading extension 'screenshots@mozilla.org': Reading manifest: Invalid host permission: about:reader*

###!!! [Parent][RunMessage] Error: Channel error: cannot send/recv


###!!! [Parent][RunMessage] Error: Channel error: cannot send/recv


###!!! [Parent][RunMessage] Error: Channel error: cannot send/recv


###!!! [Parent][RunMessage] Error: Channel error: cannot send/recv

A content process crashed and MOZ_CRASHREPORTER_SHUTDOWN is set, shutting down
[Parent 6612, Gecko_IOThread] WARNING: pipe error: 109: file z:/build/build/src/ipc/chromium/src/chrome/common/ipc_channel_win.cc, line 346
[Child 2748, Chrome_ChildThread] WARNING: pipe error: 109: file z:/build/build/src/ipc/chromium/src/chrome/common/ipc_channel_win.cc, line 346
[Child 2748, Chrome_ChildThread] WARNING: pipe error: 109: file z:/build/build/src/ipc/chromium/src/chrome/common/ipc_channel_win.cc, line 346
[Child 5492, Chrome_ChildThread] WARNING: pipe error: 109: file z:/build/build/src/ipc/chromium/src/chrome/common/ipc_channel_win.cc, line 346
[Child 5492, Chro1546519013210	mozrunner::runner	INFO	Running command: "G:\\Mozilla Firefox\\firefox.exe" "-marionette" "--headless" "-foreground" "-no-remote" "-profile" "C:\\Users\\ADMINI~1\\AppData\\Local\\Temp\\rust_mozprofile.D5GUhpy6w7NN"
*** You are running in headless mode.
1546519016989	addons.webextension.screenshots@mozilla.org	WARN	Loading extension 'screenshots@mozilla.org': Reading manifest: Invalid host permission: resource://pdf.js/
1546519016990	addons.webextension.screenshots@mozilla.org	WARN	Loading extension 'screenshots@mozilla.org': Reading manifest: Invalid host permission: about:reader*
[Child 9572, Chrome_ChildThread] WARNING: pipe error: 109: file z:/build/build/src/ipc/chromium/src/chrome/common/ipc_channel_win.cc, line 346
[Child 9572, Chrome_ChildThread] WARNING: pipe error: [Parent 5476, Gecko_IOThread] WARNING: file z:/build/build/src/ipc/chromium/src/base/process_util_win.cc, line 188
1546519028174	Marionette	INFO	Listening on port 59633
1546519029982	Marionette	WARN	TLS certificate errors will be ignored for this session
