2018-12-28 17:07:33 [scrapy.utils.log] INFO: Scrapy 1.5.1 started (bot: mycrawlspider)
2018-12-28 17:07:33 [scrapy.utils.log] INFO: Versions: lxml 4.2.5.0, libxml2 2.9.8, cssselect 1.0.3, parsel 1.5.1, w3lib 1.19.0, Twisted 18.9.0, Python 3.6.4 (v3.6.4:d48ecebad5, Dec 18 2017, 21:07:28) - [GCC 4.2.1 (Apple Inc. build 5666) (dot 3)], pyOpenSSL 18.0.0 (OpenSSL 1.1.0j  20 Nov 2018), cryptography 2.4.2, Platform Darwin-17.7.0-x86_64-i386-64bit
2018-12-28 17:07:33 [scrapy.crawler] INFO: Overridden settings: {'BOT_NAME': 'mycrawlspider', 'DOWNLOAD_DELAY': 3, 'LOG_FILE': 'logs/scrapy_2018_12_28.log', 'LOG_LEVEL': 'INFO', 'NEWSPIDER_MODULE': 'mycrawlspider.spiders', 'SPIDER_MODULES': ['mycrawlspider.spiders'], 'USER_AGENT': 'Mozilla/5.0 (Macintosh; Intel Mac OS X 10_13_6) AppleWebKit/537.36 (KHTML, like Gecko) Chrome/71.0.3578.98 Safari/537.36'}
2018-12-28 17:07:33 [scrapy.middleware] INFO: Enabled extensions:
['scrapy.extensions.corestats.CoreStats',
 'scrapy.extensions.telnet.TelnetConsole',
 'scrapy.extensions.memusage.MemoryUsage',
 'scrapy.extensions.logstats.LogStats']
2018-12-28 17:07:33 [scrapy.middleware] INFO: Enabled downloader middlewares:
['scrapy.downloadermiddlewares.httpauth.HttpAuthMiddleware',
 'scrapy.downloadermiddlewares.downloadtimeout.DownloadTimeoutMiddleware',
 'scrapy.downloadermiddlewares.defaultheaders.DefaultHeadersMiddleware',
 'scrapy.downloadermiddlewares.useragent.UserAgentMiddleware',
 'scrapy.downloadermiddlewares.retry.RetryMiddleware',
 'scrapy.downloadermiddlewares.redirect.MetaRefreshMiddleware',
 'scrapy.downloadermiddlewares.httpcompression.HttpCompressionMiddleware',
 'scrapy.downloadermiddlewares.redirect.RedirectMiddleware',
 'scrapy.downloadermiddlewares.cookies.CookiesMiddleware',
 'scrapy.downloadermiddlewares.httpproxy.HttpProxyMiddleware',
 'scrapy.downloadermiddlewares.stats.DownloaderStats']
2018-12-28 17:07:33 [scrapy.middleware] INFO: Enabled spider middlewares:
['scrapy.spidermiddlewares.httperror.HttpErrorMiddleware',
 'scrapy.spidermiddlewares.offsite.OffsiteMiddleware',
 'scrapy.spidermiddlewares.referer.RefererMiddleware',
 'scrapy.spidermiddlewares.urllength.UrlLengthMiddleware',
 'scrapy.spidermiddlewares.depth.DepthMiddleware']
2018-12-28 17:07:33 [scrapy.middleware] INFO: Enabled item pipelines:
[]
2018-12-28 17:07:33 [scrapy.core.engine] INFO: Spider opened
2018-12-28 17:07:33 [scrapy.extensions.logstats] INFO: Crawled 0 pages (at 0 pages/min), scraped 0 items (at 0 items/min)
2018-12-28 17:08:04 [scrapy.crawler] INFO: Received SIGINT, shutting down gracefully. Send again to force 
2018-12-28 17:08:04 [scrapy.core.engine] INFO: Closing spider (shutdown)
2018-12-28 17:08:09 [scrapy.utils.log] INFO: Scrapy 1.5.1 started (bot: mycrawlspider)
2018-12-28 17:08:09 [scrapy.utils.log] INFO: Versions: lxml 4.2.5.0, libxml2 2.9.8, cssselect 1.0.3, parsel 1.5.1, w3lib 1.19.0, Twisted 18.9.0, Python 3.6.4 (v3.6.4:d48ecebad5, Dec 18 2017, 21:07:28) - [GCC 4.2.1 (Apple Inc. build 5666) (dot 3)], pyOpenSSL 18.0.0 (OpenSSL 1.1.0j  20 Nov 2018), cryptography 2.4.2, Platform Darwin-17.7.0-x86_64-i386-64bit
2018-12-28 17:08:09 [scrapy.crawler] INFO: Overridden settings: {'BOT_NAME': 'mycrawlspider', 'DOWNLOAD_DELAY': 3, 'LOG_FILE': 'logs/scrapy_2018_12_28.log', 'LOG_LEVEL': 'INFO', 'NEWSPIDER_MODULE': 'mycrawlspider.spiders', 'SPIDER_MODULES': ['mycrawlspider.spiders'], 'USER_AGENT': 'Mozilla/5.0 (Macintosh; Intel Mac OS X 10_13_6) AppleWebKit/537.36 (KHTML, like Gecko) Chrome/71.0.3578.98 Safari/537.36'}
2018-12-28 17:08:09 [scrapy.middleware] INFO: Enabled extensions:
['scrapy.extensions.corestats.CoreStats',
 'scrapy.extensions.telnet.TelnetConsole',
 'scrapy.extensions.memusage.MemoryUsage',
 'scrapy.extensions.logstats.LogStats']
2018-12-28 17:08:09 [scrapy.middleware] INFO: Enabled downloader middlewares:
['scrapy.downloadermiddlewares.httpauth.HttpAuthMiddleware',
 'scrapy.downloadermiddlewares.downloadtimeout.DownloadTimeoutMiddleware',
 'scrapy.downloadermiddlewares.defaultheaders.DefaultHeadersMiddleware',
 'scrapy.downloadermiddlewares.useragent.UserAgentMiddleware',
 'scrapy.downloadermiddlewares.retry.RetryMiddleware',
 'scrapy.downloadermiddlewares.redirect.MetaRefreshMiddleware',
 'scrapy.downloadermiddlewares.httpcompression.HttpCompressionMiddleware',
 'scrapy.downloadermiddlewares.redirect.RedirectMiddleware',
 'scrapy.downloadermiddlewares.cookies.CookiesMiddleware',
 'scrapy.downloadermiddlewares.httpproxy.HttpProxyMiddleware',
 'scrapy.downloadermiddlewares.stats.DownloaderStats']
2018-12-28 17:08:09 [scrapy.middleware] INFO: Enabled spider middlewares:
['scrapy.spidermiddlewares.httperror.HttpErrorMiddleware',
 'scrapy.spidermiddlewares.offsite.OffsiteMiddleware',
 'scrapy.spidermiddlewares.referer.RefererMiddleware',
 'scrapy.spidermiddlewares.urllength.UrlLengthMiddleware',
 'scrapy.spidermiddlewares.depth.DepthMiddleware']
2018-12-28 17:08:09 [scrapy.middleware] INFO: Enabled item pipelines:
[]
2018-12-28 17:08:09 [scrapy.core.engine] INFO: Spider opened
2018-12-28 17:08:09 [scrapy.extensions.logstats] INFO: Crawled 0 pages (at 0 pages/min), scraped 0 items (at 0 items/min)
2018-12-28 17:08:33 [scrapy.extensions.logstats] INFO: Crawled 16 pages (at 16 pages/min), scraped 0 items (at 0 items/min)
2018-12-28 17:08:59 [scrapy.statscollectors] INFO: Dumping Scrapy stats:
{'downloader/request_bytes': 38816,
 'downloader/request_count': 25,
 'downloader/request_method_count/GET': 25,
 'downloader/response_bytes': 452397,
 'downloader/response_count': 25,
 'downloader/response_status_count/200': 24,
 'downloader/response_status_count/302': 1,
 'dupefilter/filtered': 31,
 'finish_reason': 'shutdown',
 'finish_time': datetime.datetime(2018, 12, 28, 9, 8, 59, 637147),
 'item_scraped_count': 7,
 'log_count/INFO': 9,
 'memusage/max': 93335552,
 'memusage/startup': 68952064,
 'request_depth_max': 3,
 'response_received_count': 24,
 'scheduler/dequeued': 25,
 'scheduler/dequeued/memory': 25,
 'scheduler/enqueued': 638,
 'scheduler/enqueued/memory': 638,
 'start_time': datetime.datetime(2018, 12, 28, 9, 7, 33, 474223)}
2018-12-28 17:08:59 [scrapy.core.engine] INFO: Spider closed (shutdown)
2018-12-28 17:09:09 [scrapy.extensions.logstats] INFO: Crawled 16 pages (at 16 pages/min), scraped 0 items (at 0 items/min)
2018-12-28 17:10:09 [scrapy.extensions.logstats] INFO: Crawled 33 pages (at 17 pages/min), scraped 16 items (at 16 items/min)
2018-12-28 17:11:09 [scrapy.extensions.logstats] INFO: Crawled 48 pages (at 15 pages/min), scraped 31 items (at 15 items/min)
2018-12-28 17:12:09 [scrapy.extensions.logstats] INFO: Crawled 64 pages (at 16 pages/min), scraped 47 items (at 16 items/min)
2018-12-28 17:13:09 [scrapy.extensions.logstats] INFO: Crawled 80 pages (at 16 pages/min), scraped 63 items (at 16 items/min)
2018-12-28 17:14:09 [scrapy.extensions.logstats] INFO: Crawled 95 pages (at 15 pages/min), scraped 78 items (at 15 items/min)
2018-12-28 17:15:09 [scrapy.extensions.logstats] INFO: Crawled 110 pages (at 15 pages/min), scraped 93 items (at 15 items/min)
2018-12-28 17:15:13 [scrapy.crawler] INFO: Received SIGINT, shutting down gracefully. Send again to force 
2018-12-28 17:15:13 [scrapy.core.engine] INFO: Closing spider (shutdown)
2018-12-28 17:16:09 [scrapy.extensions.logstats] INFO: Crawled 126 pages (at 16 pages/min), scraped 109 items (at 16 items/min)
2018-12-28 17:16:13 [scrapy.statscollectors] INFO: Dumping Scrapy stats:
{'downloader/request_bytes': 206822,
 'downloader/request_count': 130,
 'downloader/request_method_count/GET': 130,
 'downloader/response_bytes': 4403345,
 'downloader/response_count': 130,
 'downloader/response_status_count/200': 127,
 'downloader/response_status_count/302': 3,
 'dupefilter/filtered': 378,
 'finish_reason': 'shutdown',
 'finish_time': datetime.datetime(2018, 12, 28, 9, 16, 13, 30246),
 'item_scraped_count': 110,
 'log_count/INFO': 16,
 'memusage/max': 96186368,
 'memusage/startup': 68939776,
 'request_depth_max': 9,
 'response_received_count': 127,
 'scheduler/dequeued': 130,
 'scheduler/dequeued/memory': 130,
 'scheduler/enqueued': 905,
 'scheduler/enqueued/memory': 905,
 'start_time': datetime.datetime(2018, 12, 28, 9, 8, 9, 560292)}
2018-12-28 17:16:13 [scrapy.core.engine] INFO: Spider closed (shutdown)
