2018-12-25 10:53:26 [scrapy.utils.log] INFO: Scrapy 1.5.1 started (bot: BookToscrape)
2018-12-25 10:53:26 [scrapy.utils.log] INFO: Versions: lxml 4.2.5.0, libxml2 2.9.8, cssselect 1.0.3, parsel 1.5.1, w3lib 1.19.0, Twisted 18.9.0, Python 3.6.4 (v3.6.4:d48ecebad5, Dec 18 2017, 21:07:28) - [GCC 4.2.1 (Apple Inc. build 5666) (dot 3)], pyOpenSSL 18.0.0 (OpenSSL 1.1.0j  20 Nov 2018), cryptography 2.4.2, Platform Darwin-17.7.0-x86_64-i386-64bit
2018-12-25 10:53:26 [scrapy.crawler] INFO: Overridden settings: {'AUTOTHROTTLE_ENABLED': True, 'BOT_NAME': 'BookToscrape', 'DOWNLOAD_DELAY': 2, 'LOG_FILE': 'logs/scrapy_2018_12_25.log', 'LOG_LEVEL': 'INFO', 'NEWSPIDER_MODULE': 'BookToscrape.spiders', 'SPIDER_MODULES': ['BookToscrape.spiders'], 'USER_AGENT': 'Mozilla/5.0 (Macintosh; Intel Mac OS X 10_13_6) AppleWebKit/537.36 (KHTML, like Gecko) Chrome/71.0.3578.98 Safari/537.36'}
2018-12-25 10:53:26 [scrapy.middleware] INFO: Enabled extensions:
['scrapy.extensions.corestats.CoreStats',
 'scrapy.extensions.telnet.TelnetConsole',
 'scrapy.extensions.memusage.MemoryUsage',
 'scrapy.extensions.logstats.LogStats',
 'scrapy.extensions.throttle.AutoThrottle']
2018-12-25 10:53:27 [scrapy.middleware] INFO: Enabled downloader middlewares:
['scrapy.downloadermiddlewares.httpauth.HttpAuthMiddleware',
 'scrapy.downloadermiddlewares.downloadtimeout.DownloadTimeoutMiddleware',
 'scrapy.downloadermiddlewares.defaultheaders.DefaultHeadersMiddleware',
 'scrapy.downloadermiddlewares.useragent.UserAgentMiddleware',
 'scrapy.downloadermiddlewares.retry.RetryMiddleware',
 'scrapy.downloadermiddlewares.redirect.MetaRefreshMiddleware',
 'scrapy.downloadermiddlewares.httpcompression.HttpCompressionMiddleware',
 'scrapy.downloadermiddlewares.redirect.RedirectMiddleware',
 'scrapy.downloadermiddlewares.cookies.CookiesMiddleware',
 'scrapy.downloadermiddlewares.httpproxy.HttpProxyMiddleware',
 'scrapy.downloadermiddlewares.stats.DownloaderStats']
2018-12-25 10:53:27 [scrapy.middleware] INFO: Enabled spider middlewares:
['scrapy.spidermiddlewares.httperror.HttpErrorMiddleware',
 'scrapy.spidermiddlewares.offsite.OffsiteMiddleware',
 'scrapy.spidermiddlewares.referer.RefererMiddleware',
 'scrapy.spidermiddlewares.urllength.UrlLengthMiddleware',
 'scrapy.spidermiddlewares.depth.DepthMiddleware']
2018-12-25 10:53:27 [scrapy.middleware] INFO: Enabled item pipelines:
['BookToscrape.pipelines.BooktoscrapePipeline',
 'BookToscrape.sync_mysql_pipelines.SyncMySQLBookPipeLine',
 'BookToscrape.image_pipelines.MyImagesPipeline']
2018-12-25 10:53:27 [scrapy.core.engine] INFO: Spider opened
2018-12-25 10:53:27 [scrapy.extensions.logstats] INFO: Crawled 0 pages (at 0 pages/min), scraped 0 items (at 0 items/min)
2018-12-25 10:54:18 [scrapy.core.engine] INFO: Closing spider (finished)
2018-12-25 10:54:18 [scrapy.statscollectors] INFO: Dumping Scrapy stats:
{'downloader/request_bytes': 8294,
 'downloader/request_count': 21,
 'downloader/request_method_count/GET': 21,
 'downloader/response_bytes': 91123,
 'downloader/response_count': 21,
 'downloader/response_status_count/200': 21,
 'file_count': 20,
 'file_status_count/uptodate': 20,
 'finish_reason': 'finished',
 'finish_time': datetime.datetime(2018, 12, 25, 2, 54, 18, 126632),
 'item_scraped_count': 40,
 'log_count/INFO': 7,
 'memusage/max': 79187968,
 'memusage/startup': 79187968,
 'request_depth_max': 1,
 'response_received_count': 21,
 'scheduler/dequeued': 21,
 'scheduler/dequeued/memory': 21,
 'scheduler/enqueued': 21,
 'scheduler/enqueued/memory': 21,
 'start_time': datetime.datetime(2018, 12, 25, 2, 53, 27, 221908)}
2018-12-25 10:54:18 [scrapy.core.engine] INFO: Spider closed (finished)
2018-12-25 11:24:15 [scrapy.utils.log] INFO: Scrapy 1.5.1 started (bot: BookToscrape)
2018-12-25 11:24:15 [scrapy.utils.log] INFO: Versions: lxml 4.2.5.0, libxml2 2.9.8, cssselect 1.0.3, parsel 1.5.1, w3lib 1.19.0, Twisted 18.9.0, Python 3.6.4 (v3.6.4:d48ecebad5, Dec 18 2017, 21:07:28) - [GCC 4.2.1 (Apple Inc. build 5666) (dot 3)], pyOpenSSL 18.0.0 (OpenSSL 1.1.0j  20 Nov 2018), cryptography 2.4.2, Platform Darwin-17.7.0-x86_64-i386-64bit
2018-12-25 11:24:15 [scrapy.crawler] INFO: Overridden settings: {'AUTOTHROTTLE_ENABLED': True, 'BOT_NAME': 'BookToscrape', 'DOWNLOAD_DELAY': 2, 'LOG_FILE': 'logs/scrapy_2018_12_25.log', 'LOG_LEVEL': 'INFO', 'NEWSPIDER_MODULE': 'BookToscrape.spiders', 'SPIDER_MODULES': ['BookToscrape.spiders'], 'USER_AGENT': 'Mozilla/5.0 (Macintosh; Intel Mac OS X 10_13_6) AppleWebKit/537.36 (KHTML, like Gecko) Chrome/71.0.3578.98 Safari/537.36'}
2018-12-25 11:24:15 [scrapy.middleware] INFO: Enabled extensions:
['scrapy.extensions.corestats.CoreStats',
 'scrapy.extensions.telnet.TelnetConsole',
 'scrapy.extensions.memusage.MemoryUsage',
 'scrapy.extensions.logstats.LogStats',
 'scrapy.extensions.throttle.AutoThrottle']
2018-12-25 11:24:15 [scrapy.middleware] INFO: Enabled downloader middlewares:
['scrapy.downloadermiddlewares.httpauth.HttpAuthMiddleware',
 'scrapy.downloadermiddlewares.downloadtimeout.DownloadTimeoutMiddleware',
 'scrapy.downloadermiddlewares.defaultheaders.DefaultHeadersMiddleware',
 'scrapy.downloadermiddlewares.useragent.UserAgentMiddleware',
 'scrapy.downloadermiddlewares.retry.RetryMiddleware',
 'scrapy.downloadermiddlewares.redirect.MetaRefreshMiddleware',
 'scrapy.downloadermiddlewares.httpcompression.HttpCompressionMiddleware',
 'scrapy.downloadermiddlewares.redirect.RedirectMiddleware',
 'scrapy.downloadermiddlewares.cookies.CookiesMiddleware',
 'scrapy.downloadermiddlewares.httpproxy.HttpProxyMiddleware',
 'scrapy.downloadermiddlewares.stats.DownloaderStats']
2018-12-25 11:24:15 [scrapy.middleware] INFO: Enabled spider middlewares:
['scrapy.spidermiddlewares.httperror.HttpErrorMiddleware',
 'scrapy.spidermiddlewares.offsite.OffsiteMiddleware',
 'scrapy.spidermiddlewares.referer.RefererMiddleware',
 'scrapy.spidermiddlewares.urllength.UrlLengthMiddleware',
 'scrapy.spidermiddlewares.depth.DepthMiddleware']
2018-12-25 11:24:15 [scrapy.middleware] INFO: Enabled item pipelines:
['BookToscrape.pipelines.BooktoscrapePipeline',
 'BookToscrape.async_mysql_pipelines.AsyncMySQLPipeLine',
 'BookToscrape.image_pipelines.MyImagesPipeline']
2018-12-25 11:24:15 [scrapy.core.engine] INFO: Spider opened
2018-12-25 11:24:15 [scrapy.extensions.logstats] INFO: Crawled 0 pages (at 0 pages/min), scraped 0 items (at 0 items/min)
2018-12-25 11:25:13 [scrapy.core.engine] INFO: Closing spider (finished)
2018-12-25 11:25:13 [scrapy.statscollectors] INFO: Dumping Scrapy stats:
{'downloader/request_bytes': 8294,
 'downloader/request_count': 21,
 'downloader/request_method_count/GET': 21,
 'downloader/response_bytes': 91123,
 'downloader/response_count': 21,
 'downloader/response_status_count/200': 21,
 'file_count': 20,
 'file_status_count/uptodate': 20,
 'finish_reason': 'finished',
 'finish_time': datetime.datetime(2018, 12, 25, 3, 25, 13, 582792),
 'item_scraped_count': 40,
 'log_count/INFO': 7,
 'memusage/max': 68526080,
 'memusage/startup': 68526080,
 'request_depth_max': 1,
 'response_received_count': 21,
 'scheduler/dequeued': 21,
 'scheduler/dequeued/memory': 21,
 'scheduler/enqueued': 21,
 'scheduler/enqueued/memory': 21,
 'start_time': datetime.datetime(2018, 12, 25, 3, 24, 15, 681724)}
2018-12-25 11:25:13 [scrapy.core.engine] INFO: Spider closed (finished)
2018-12-25 15:34:23 [scrapy.utils.log] INFO: Scrapy 1.5.1 started (bot: BookToscrape)
2018-12-25 15:34:23 [scrapy.utils.log] INFO: Versions: lxml 4.2.5.0, libxml2 2.9.8, cssselect 1.0.3, parsel 1.5.1, w3lib 1.19.0, Twisted 18.9.0, Python 3.6.4 (v3.6.4:d48ecebad5, Dec 18 2017, 21:07:28) - [GCC 4.2.1 (Apple Inc. build 5666) (dot 3)], pyOpenSSL 18.0.0 (OpenSSL 1.1.0j  20 Nov 2018), cryptography 2.4.2, Platform Darwin-17.7.0-x86_64-i386-64bit
2018-12-25 15:34:23 [scrapy.crawler] INFO: Overridden settings: {'AUTOTHROTTLE_ENABLED': True, 'BOT_NAME': 'BookToscrape', 'DOWNLOAD_DELAY': 2, 'LOG_FILE': 'logs/scrapy_2018_12_25.log', 'LOG_LEVEL': 'INFO', 'NEWSPIDER_MODULE': 'BookToscrape.spiders', 'SPIDER_MODULES': ['BookToscrape.spiders'], 'USER_AGENT': 'Mozilla/5.0 (Macintosh; Intel Mac OS X 10_13_6) AppleWebKit/537.36 (KHTML, like Gecko) Chrome/71.0.3578.98 Safari/537.36'}
2018-12-25 15:34:23 [scrapy.middleware] INFO: Enabled extensions:
['scrapy.extensions.corestats.CoreStats',
 'scrapy.extensions.telnet.TelnetConsole',
 'scrapy.extensions.memusage.MemoryUsage',
 'scrapy.extensions.logstats.LogStats',
 'scrapy.extensions.throttle.AutoThrottle']
2018-12-25 15:34:23 [scrapy.middleware] INFO: Enabled downloader middlewares:
['scrapy.downloadermiddlewares.httpauth.HttpAuthMiddleware',
 'scrapy.downloadermiddlewares.downloadtimeout.DownloadTimeoutMiddleware',
 'scrapy.downloadermiddlewares.defaultheaders.DefaultHeadersMiddleware',
 'scrapy.downloadermiddlewares.useragent.UserAgentMiddleware',
 'scrapy.downloadermiddlewares.retry.RetryMiddleware',
 'scrapy.downloadermiddlewares.redirect.MetaRefreshMiddleware',
 'scrapy.downloadermiddlewares.httpcompression.HttpCompressionMiddleware',
 'scrapy.downloadermiddlewares.redirect.RedirectMiddleware',
 'scrapy.downloadermiddlewares.cookies.CookiesMiddleware',
 'scrapy.downloadermiddlewares.httpproxy.HttpProxyMiddleware',
 'scrapy.downloadermiddlewares.stats.DownloaderStats']
2018-12-25 15:34:23 [scrapy.middleware] INFO: Enabled spider middlewares:
['scrapy.spidermiddlewares.httperror.HttpErrorMiddleware',
 'scrapy.spidermiddlewares.offsite.OffsiteMiddleware',
 'scrapy.spidermiddlewares.referer.RefererMiddleware',
 'scrapy.spidermiddlewares.urllength.UrlLengthMiddleware',
 'scrapy.spidermiddlewares.depth.DepthMiddleware']
2018-12-25 15:34:23 [twisted] CRITICAL: Unhandled error in Deferred:
2018-12-25 15:34:23 [twisted] CRITICAL: 
Traceback (most recent call last):
  File "/Users/zhouguangyou/pyEnv/wh_1805_spider_env/lib/python3.6/site-packages/twisted/internet/defer.py", line 1418, in _inlineCallbacks
    result = g.send(result)
  File "/Users/zhouguangyou/pyEnv/wh_1805_spider_env/lib/python3.6/site-packages/scrapy/crawler.py", line 80, in crawl
    self.engine = self._create_engine()
  File "/Users/zhouguangyou/pyEnv/wh_1805_spider_env/lib/python3.6/site-packages/scrapy/crawler.py", line 105, in _create_engine
    return ExecutionEngine(self, lambda _: self.stop())
  File "/Users/zhouguangyou/pyEnv/wh_1805_spider_env/lib/python3.6/site-packages/scrapy/core/engine.py", line 70, in __init__
    self.scraper = Scraper(crawler)
  File "/Users/zhouguangyou/pyEnv/wh_1805_spider_env/lib/python3.6/site-packages/scrapy/core/scraper.py", line 71, in __init__
    self.itemproc = itemproc_cls.from_crawler(crawler)
  File "/Users/zhouguangyou/pyEnv/wh_1805_spider_env/lib/python3.6/site-packages/scrapy/middleware.py", line 58, in from_crawler
    return cls.from_settings(crawler.settings, crawler)
  File "/Users/zhouguangyou/pyEnv/wh_1805_spider_env/lib/python3.6/site-packages/scrapy/middleware.py", line 34, in from_settings
    mwcls = load_object(clspath)
  File "/Users/zhouguangyou/pyEnv/wh_1805_spider_env/lib/python3.6/site-packages/scrapy/utils/misc.py", line 44, in load_object
    mod = import_module(module)
  File "/Users/zhouguangyou/pyEnv/wh_1805_spider_env/lib/python3.6/importlib/__init__.py", line 126, in import_module
    return _bootstrap._gcd_import(name[level:], package, level)
  File "<frozen importlib._bootstrap>", line 994, in _gcd_import
  File "<frozen importlib._bootstrap>", line 971, in _find_and_load
  File "<frozen importlib._bootstrap>", line 953, in _find_and_load_unlocked
ModuleNotFoundError: No module named 'BookToscrape.mongodb_pipelines'
2018-12-25 15:34:57 [scrapy.utils.log] INFO: Scrapy 1.5.1 started (bot: BookToscrape)
2018-12-25 15:34:57 [scrapy.utils.log] INFO: Versions: lxml 4.2.5.0, libxml2 2.9.8, cssselect 1.0.3, parsel 1.5.1, w3lib 1.19.0, Twisted 18.9.0, Python 3.6.4 (v3.6.4:d48ecebad5, Dec 18 2017, 21:07:28) - [GCC 4.2.1 (Apple Inc. build 5666) (dot 3)], pyOpenSSL 18.0.0 (OpenSSL 1.1.0j  20 Nov 2018), cryptography 2.4.2, Platform Darwin-17.7.0-x86_64-i386-64bit
2018-12-25 15:34:57 [scrapy.crawler] INFO: Overridden settings: {'AUTOTHROTTLE_ENABLED': True, 'BOT_NAME': 'BookToscrape', 'DOWNLOAD_DELAY': 2, 'LOG_FILE': 'logs/scrapy_2018_12_25.log', 'LOG_LEVEL': 'INFO', 'NEWSPIDER_MODULE': 'BookToscrape.spiders', 'SPIDER_MODULES': ['BookToscrape.spiders'], 'USER_AGENT': 'Mozilla/5.0 (Macintosh; Intel Mac OS X 10_13_6) AppleWebKit/537.36 (KHTML, like Gecko) Chrome/71.0.3578.98 Safari/537.36'}
2018-12-25 15:34:57 [scrapy.middleware] INFO: Enabled extensions:
['scrapy.extensions.corestats.CoreStats',
 'scrapy.extensions.telnet.TelnetConsole',
 'scrapy.extensions.memusage.MemoryUsage',
 'scrapy.extensions.logstats.LogStats',
 'scrapy.extensions.throttle.AutoThrottle']
2018-12-25 15:34:57 [scrapy.middleware] INFO: Enabled downloader middlewares:
['scrapy.downloadermiddlewares.httpauth.HttpAuthMiddleware',
 'scrapy.downloadermiddlewares.downloadtimeout.DownloadTimeoutMiddleware',
 'scrapy.downloadermiddlewares.defaultheaders.DefaultHeadersMiddleware',
 'scrapy.downloadermiddlewares.useragent.UserAgentMiddleware',
 'scrapy.downloadermiddlewares.retry.RetryMiddleware',
 'scrapy.downloadermiddlewares.redirect.MetaRefreshMiddleware',
 'scrapy.downloadermiddlewares.httpcompression.HttpCompressionMiddleware',
 'scrapy.downloadermiddlewares.redirect.RedirectMiddleware',
 'scrapy.downloadermiddlewares.cookies.CookiesMiddleware',
 'scrapy.downloadermiddlewares.httpproxy.HttpProxyMiddleware',
 'scrapy.downloadermiddlewares.stats.DownloaderStats']
2018-12-25 15:34:57 [scrapy.middleware] INFO: Enabled spider middlewares:
['scrapy.spidermiddlewares.httperror.HttpErrorMiddleware',
 'scrapy.spidermiddlewares.offsite.OffsiteMiddleware',
 'scrapy.spidermiddlewares.referer.RefererMiddleware',
 'scrapy.spidermiddlewares.urllength.UrlLengthMiddleware',
 'scrapy.spidermiddlewares.depth.DepthMiddleware']
2018-12-25 15:34:57 [scrapy.middleware] INFO: Enabled item pipelines:
['BookToscrape.pipelines.BooktoscrapePipeline',
 'BookToscrape.mongo_pipelines.MongoPipeLines',
 'BookToscrape.image_pipelines.MyImagesPipeline']
2018-12-25 15:34:57 [scrapy.core.engine] INFO: Spider opened
2018-12-25 15:34:57 [scrapy.core.engine] INFO: Closing spider (shutdown)
2018-12-25 15:34:57 [scrapy.statscollectors] INFO: Dumping Scrapy stats:
{'finish_reason': 'shutdown',
 'finish_time': datetime.datetime(2018, 12, 25, 7, 34, 57, 549203),
 'log_count/INFO': 6}
2018-12-25 15:34:57 [scrapy.core.engine] INFO: Spider closed (shutdown)
2018-12-25 15:34:57 [twisted] CRITICAL: Unhandled error in Deferred:
2018-12-25 15:34:57 [twisted] CRITICAL: 
Traceback (most recent call last):
  File "/Users/zhouguangyou/pyEnv/wh_1805_spider_env/lib/python3.6/site-packages/twisted/internet/defer.py", line 1418, in _inlineCallbacks
    result = g.send(result)
  File "/Users/zhouguangyou/pyEnv/wh_1805_spider_env/lib/python3.6/site-packages/scrapy/crawler.py", line 82, in crawl
    yield self.engine.open_spider(self.spider, start_requests)
TypeError: port must be an instance of int
2018-12-25 15:35:34 [scrapy.utils.log] INFO: Scrapy 1.5.1 started (bot: BookToscrape)
2018-12-25 15:35:34 [scrapy.utils.log] INFO: Versions: lxml 4.2.5.0, libxml2 2.9.8, cssselect 1.0.3, parsel 1.5.1, w3lib 1.19.0, Twisted 18.9.0, Python 3.6.4 (v3.6.4:d48ecebad5, Dec 18 2017, 21:07:28) - [GCC 4.2.1 (Apple Inc. build 5666) (dot 3)], pyOpenSSL 18.0.0 (OpenSSL 1.1.0j  20 Nov 2018), cryptography 2.4.2, Platform Darwin-17.7.0-x86_64-i386-64bit
2018-12-25 15:35:34 [scrapy.crawler] INFO: Overridden settings: {'AUTOTHROTTLE_ENABLED': True, 'BOT_NAME': 'BookToscrape', 'DOWNLOAD_DELAY': 2, 'LOG_FILE': 'logs/scrapy_2018_12_25.log', 'LOG_LEVEL': 'INFO', 'NEWSPIDER_MODULE': 'BookToscrape.spiders', 'SPIDER_MODULES': ['BookToscrape.spiders'], 'USER_AGENT': 'Mozilla/5.0 (Macintosh; Intel Mac OS X 10_13_6) AppleWebKit/537.36 (KHTML, like Gecko) Chrome/71.0.3578.98 Safari/537.36'}
2018-12-25 15:35:34 [scrapy.middleware] INFO: Enabled extensions:
['scrapy.extensions.corestats.CoreStats',
 'scrapy.extensions.telnet.TelnetConsole',
 'scrapy.extensions.memusage.MemoryUsage',
 'scrapy.extensions.logstats.LogStats',
 'scrapy.extensions.throttle.AutoThrottle']
2018-12-25 15:35:34 [scrapy.middleware] INFO: Enabled downloader middlewares:
['scrapy.downloadermiddlewares.httpauth.HttpAuthMiddleware',
 'scrapy.downloadermiddlewares.downloadtimeout.DownloadTimeoutMiddleware',
 'scrapy.downloadermiddlewares.defaultheaders.DefaultHeadersMiddleware',
 'scrapy.downloadermiddlewares.useragent.UserAgentMiddleware',
 'scrapy.downloadermiddlewares.retry.RetryMiddleware',
 'scrapy.downloadermiddlewares.redirect.MetaRefreshMiddleware',
 'scrapy.downloadermiddlewares.httpcompression.HttpCompressionMiddleware',
 'scrapy.downloadermiddlewares.redirect.RedirectMiddleware',
 'scrapy.downloadermiddlewares.cookies.CookiesMiddleware',
 'scrapy.downloadermiddlewares.httpproxy.HttpProxyMiddleware',
 'scrapy.downloadermiddlewares.stats.DownloaderStats']
2018-12-25 15:35:34 [scrapy.middleware] INFO: Enabled spider middlewares:
['scrapy.spidermiddlewares.httperror.HttpErrorMiddleware',
 'scrapy.spidermiddlewares.offsite.OffsiteMiddleware',
 'scrapy.spidermiddlewares.referer.RefererMiddleware',
 'scrapy.spidermiddlewares.urllength.UrlLengthMiddleware',
 'scrapy.spidermiddlewares.depth.DepthMiddleware']
2018-12-25 15:35:34 [scrapy.middleware] INFO: Enabled item pipelines:
['BookToscrape.pipelines.BooktoscrapePipeline',
 'BookToscrape.mongo_pipelines.MongoPipeLines',
 'BookToscrape.image_pipelines.MyImagesPipeline']
2018-12-25 15:35:34 [scrapy.core.engine] INFO: Spider opened
2018-12-25 15:35:34 [scrapy.extensions.logstats] INFO: Crawled 0 pages (at 0 pages/min), scraped 0 items (at 0 items/min)
2018-12-25 15:36:34 [scrapy.extensions.logstats] INFO: Crawled 20 pages (at 20 pages/min), scraped 19 items (at 19 items/min)
2018-12-25 15:37:34 [scrapy.extensions.logstats] INFO: Crawled 40 pages (at 20 pages/min), scraped 39 items (at 20 items/min)
2018-12-25 15:38:34 [scrapy.extensions.logstats] INFO: Crawled 40 pages (at 0 pages/min), scraped 39 items (at 0 items/min)
2018-12-25 15:39:34 [scrapy.extensions.logstats] INFO: Crawled 40 pages (at 0 pages/min), scraped 39 items (at 0 items/min)
2018-12-25 15:39:39 [scrapy.core.engine] INFO: Closing spider (finished)
2018-12-25 15:39:39 [scrapy.statscollectors] INFO: Dumping Scrapy stats:
{'downloader/exception_count': 1,
 'downloader/exception_type_count/twisted.internet.error.TimeoutError': 1,
 'downloader/request_bytes': 15791,
 'downloader/request_count': 42,
 'downloader/request_method_count/GET': 42,
 'downloader/response_bytes': 272551,
 'downloader/response_count': 41,
 'downloader/response_status_count/200': 41,
 'file_count': 20,
 'file_status_count/downloaded': 20,
 'finish_reason': 'finished',
 'finish_time': datetime.datetime(2018, 12, 25, 7, 39, 39, 846351),
 'item_scraped_count': 40,
 'log_count/INFO': 11,
 'memusage/max': 77348864,
 'memusage/startup': 70811648,
 'request_depth_max': 1,
 'response_received_count': 41,
 'retry/count': 1,
 'retry/reason_count/twisted.internet.error.TimeoutError': 1,
 'scheduler/dequeued': 21,
 'scheduler/dequeued/memory': 21,
 'scheduler/enqueued': 21,
 'scheduler/enqueued/memory': 21,
 'start_time': datetime.datetime(2018, 12, 25, 7, 35, 34, 275325)}
2018-12-25 15:39:39 [scrapy.core.engine] INFO: Spider closed (finished)
2018-12-25 16:52:21 [scrapy.utils.log] INFO: Scrapy 1.5.1 started (bot: BookToscrape)
2018-12-25 16:52:21 [scrapy.utils.log] INFO: Versions: lxml 4.2.5.0, libxml2 2.9.8, cssselect 1.0.3, parsel 1.5.1, w3lib 1.19.0, Twisted 18.9.0, Python 3.6.4 (v3.6.4:d48ecebad5, Dec 18 2017, 21:07:28) - [GCC 4.2.1 (Apple Inc. build 5666) (dot 3)], pyOpenSSL 18.0.0 (OpenSSL 1.1.0j  20 Nov 2018), cryptography 2.4.2, Platform Darwin-17.7.0-x86_64-i386-64bit
2018-12-25 16:52:21 [scrapy.crawler] INFO: Overridden settings: {'AUTOTHROTTLE_ENABLED': True, 'BOT_NAME': 'BookToscrape', 'DOWNLOAD_DELAY': 2, 'LOG_FILE': 'logs/scrapy_2018_12_25.log', 'LOG_LEVEL': 'INFO', 'NEWSPIDER_MODULE': 'BookToscrape.spiders', 'SPIDER_MODULES': ['BookToscrape.spiders'], 'USER_AGENT': 'Mozilla/5.0 (Macintosh; Intel Mac OS X 10_13_6) AppleWebKit/537.36 (KHTML, like Gecko) Chrome/71.0.3578.98 Safari/537.36'}
2018-12-25 16:52:21 [scrapy.middleware] INFO: Enabled extensions:
['scrapy.extensions.corestats.CoreStats',
 'scrapy.extensions.telnet.TelnetConsole',
 'scrapy.extensions.memusage.MemoryUsage',
 'scrapy.extensions.logstats.LogStats',
 'scrapy.extensions.throttle.AutoThrottle']
2018-12-25 16:52:21 [py.warnings] WARNING: /Users/zhouguangyou/pyEnv/wh_1805_spider_env/lib/python3.6/site-packages/scrapy/utils/deprecate.py:156: ScrapyDeprecationWarning: `scrapy.contrib.downloadermiddleware.useragent.UserAgentMiddleware` class is deprecated, use `scrapy.downloadermiddlewares.useragent.UserAgentMiddleware` instead
  ScrapyDeprecationWarning)

2018-12-25 16:52:21 [scrapy.middleware] INFO: Enabled downloader middlewares:
['scrapy.downloadermiddlewares.httpauth.HttpAuthMiddleware',
 'scrapy.downloadermiddlewares.downloadtimeout.DownloadTimeoutMiddleware',
 'scrapy.downloadermiddlewares.defaultheaders.DefaultHeadersMiddleware',
 'BookToscrape.middlewares.RotateUserAgentMiddleware',
 'BookToscrape.middlewares.BooktoscrapeDownloaderMiddleware',
 'scrapy.downloadermiddlewares.retry.RetryMiddleware',
 'scrapy.downloadermiddlewares.redirect.MetaRefreshMiddleware',
 'scrapy.downloadermiddlewares.httpcompression.HttpCompressionMiddleware',
 'scrapy.downloadermiddlewares.redirect.RedirectMiddleware',
 'scrapy.downloadermiddlewares.cookies.CookiesMiddleware',
 'scrapy.downloadermiddlewares.httpproxy.HttpProxyMiddleware',
 'scrapy.downloadermiddlewares.stats.DownloaderStats']
2018-12-25 16:52:21 [scrapy.middleware] INFO: Enabled spider middlewares:
['scrapy.spidermiddlewares.httperror.HttpErrorMiddleware',
 'scrapy.spidermiddlewares.offsite.OffsiteMiddleware',
 'scrapy.spidermiddlewares.referer.RefererMiddleware',
 'scrapy.spidermiddlewares.urllength.UrlLengthMiddleware',
 'scrapy.spidermiddlewares.depth.DepthMiddleware']
2018-12-25 16:52:21 [scrapy.middleware] INFO: Enabled item pipelines:
['BookToscrape.pipelines.BooktoscrapePipeline',
 'BookToscrape.mongo_pipelines.MongoPipeLines',
 'BookToscrape.image_pipelines.MyImagesPipeline']
2018-12-25 16:52:21 [scrapy.core.engine] INFO: Spider opened
2018-12-25 16:52:21 [scrapy.extensions.logstats] INFO: Crawled 0 pages (at 0 pages/min), scraped 0 items (at 0 items/min)
2018-12-25 16:52:21 [toscrape] INFO: Spider opened: toscrape
2018-12-25 16:53:19 [scrapy.core.engine] INFO: Closing spider (finished)
2018-12-25 16:53:19 [scrapy.statscollectors] INFO: Dumping Scrapy stats:
{'downloader/request_bytes': 7975,
 'downloader/request_count': 21,
 'downloader/request_method_count/GET': 21,
 'downloader/response_bytes': 91123,
 'downloader/response_count': 21,
 'downloader/response_status_count/200': 21,
 'file_count': 20,
 'file_status_count/uptodate': 20,
 'finish_reason': 'finished',
 'finish_time': datetime.datetime(2018, 12, 25, 8, 53, 19, 747467),
 'item_scraped_count': 40,
 'log_count/INFO': 8,
 'log_count/WARNING': 1,
 'memusage/max': 70553600,
 'memusage/startup': 70553600,
 'request_depth_max': 1,
 'response_received_count': 21,
 'scheduler/dequeued': 21,
 'scheduler/dequeued/memory': 21,
 'scheduler/enqueued': 21,
 'scheduler/enqueued/memory': 21,
 'start_time': datetime.datetime(2018, 12, 25, 8, 52, 21, 732493)}
2018-12-25 16:53:19 [scrapy.core.engine] INFO: Spider closed (finished)
